[2022-08-22T21:06:25.699Z] Log level: Info
[2022-08-22T21:06:25.711Z] [info] Validating found git in: git
[2022-08-22T21:06:25.836Z] [info] Using git 2.37.1 from git
[2022-08-22T21:06:25.915Z] > git rev-parse --show-toplevel [15ms]
[2022-08-22T21:06:25.930Z] > git rev-parse --git-dir --git-common-dir [2ms]
[2022-08-22T21:06:25.950Z] [info] Open repository: /home/denno/phase-1-array-filter-method-lab
[2022-08-22T21:06:26.014Z] > git status -z -uall [31ms]
[2022-08-22T21:06:26.026Z] > git symbolic-ref --short HEAD [3ms]
[2022-08-22T21:06:26.040Z] > git for-each-ref --format=%(refname)%00%(upstream:short)%00%(objectname)%00%(upstream:track)%00%(upstream:remotename)%00%(upstream:remoteref) refs/heads/master refs/remotes/master [3ms]
[2022-08-22T21:06:26.064Z] > git remote --verbose [7ms]
[2022-08-22T21:06:26.066Z] > git for-each-ref --sort -committerdate --format %(refname) %(objectname) %(*objectname) [18ms]
[2022-08-22T21:06:26.382Z] > git config --get commit.template [295ms]
[2022-08-22T21:06:26.446Z] > git status -z -uall [56ms]
[2022-08-22T21:06:26.470Z] > git symbolic-ref --short HEAD [12ms]
[2022-08-22T21:06:26.489Z] > git for-each-ref --format=%(refname)%00%(upstream:short)%00%(objectname)%00%(upstream:track)%00%(upstream:remotename)%00%(upstream:remoteref) refs/heads/master refs/remotes/master [6ms]
[2022-08-22T21:06:26.541Z] > git for-each-ref --sort -committerdate --format %(refname) %(objectname) %(*objectname) [44ms]
[2022-08-22T21:06:26.543Z] > git remote --verbose [36ms]
[2022-08-22T21:06:26.562Z] > git config --get commit.template [3ms]
[2022-08-22T21:06:26.607Z] > git check-ignore -v -z --stdin [4ms]
[2022-08-22T21:06:28.064Z] > git show --textconv :index.js [17ms]
[2022-08-22T21:06:28.064Z] > git ls-files --stage -- /home/denno/phase-1-array-filter-method-lab/index.js [3ms]
[2022-08-22T21:06:28.088Z] > git cat-file -s d8bbce05610622c2328fb642986a83a186ef18af [8ms]
[2022-08-22T21:06:36.454Z] > git check-ignore -v -z --stdin [75ms]
[2022-08-22T21:06:36.468Z] > git show --textconv :test/indexTest.js [53ms]
[2022-08-22T21:06:36.484Z] > git ls-files --stage -- /home/denno/phase-1-array-filter-method-lab/test/indexTest.js [38ms]
[2022-08-22T21:06:36.516Z] > git cat-file -s e0b43d0756c5452dd2666640ed6b41d07be49df7 [4ms]
[2022-08-22T21:06:37.107Z] > git check-ignore -v -z --stdin [8ms]
[2022-08-22T21:06:44.011Z] > git show --textconv :index.js [7ms]
[2022-08-22T21:06:44.013Z] > git ls-files --stage -- /home/denno/phase-1-array-filter-method-lab/index.js [3ms]
[2022-08-22T21:06:44.020Z] > git cat-file -s d8bbce05610622c2328fb642986a83a186ef18af [2ms]
[2022-08-22T21:07:28.002Z] > git show --textconv :test/indexTest.js [17ms]
[2022-08-22T21:07:28.005Z] > git ls-files --stage -- /home/denno/phase-1-array-filter-method-lab/test/indexTest.js [8ms]
[2022-08-22T21:07:28.020Z] > git cat-file -s e0b43d0756c5452dd2666640ed6b41d07be49df7 [2ms]
[2022-08-22T21:07:43.676Z] > git show --textconv :index.js [11ms]
[2022-08-22T21:07:43.679Z] > git ls-files --stage -- /home/denno/phase-1-array-filter-method-lab/index.js [8ms]
[2022-08-22T21:07:43.689Z] > git cat-file -s d8bbce05610622c2328fb642986a83a186ef18af [2ms]
[2022-08-22T21:12:20.415Z] > git status -z -uall [12ms]
[2022-08-22T21:12:20.438Z] > git symbolic-ref --short HEAD [10ms]
[2022-08-22T21:12:20.472Z] > git for-each-ref --format=%(refname)%00%(upstream:short)%00%(objectname)%00%(upstream:track)%00%(upstream:remotename)%00%(upstream:remoteref) refs/heads/master refs/remotes/master [10ms]
[2022-08-22T21:12:20.514Z] > git remote --verbose [6ms]
[2022-08-22T21:12:20.516Z] > git for-each-ref --sort -committerdate --format %(refname) %(objectname) %(*objectname) [31ms]
[2022-08-22T21:12:20.568Z] > git config --get commit.template [2ms]
[2022-08-22T21:12:35.279Z] > git status -z -uall [6ms]
[2022-08-22T21:12:35.288Z] > git symbolic-ref --short HEAD [2ms]
[2022-08-22T21:12:35.296Z] > git for-each-ref --format=%(refname)%00%(upstream:short)%00%(objectname)%00%(upstream:track)%00%(upstream:remotename)%00%(upstream:remoteref) refs/heads/master refs/remotes/master [2ms]
[2022-08-22T21:12:35.309Z] > git for-each-ref --sort -committerdate --format %(refname) %(objectname) %(*objectname) [7ms]
[2022-08-22T21:12:35.310Z] > git remote --verbose [3ms]
[2022-08-22T21:12:35.322Z] > git config --get commit.template [1ms]
[2022-08-22T21:14:12.495Z] > git status -z -uall [10ms]
[2022-08-22T21:14:12.505Z] > git symbolic-ref --short HEAD [1ms]
[2022-08-22T21:14:12.515Z] > git for-each-ref --format=%(refname)%00%(upstream:short)%00%(objectname)%00%(upstream:track)%00%(upstream:remotename)%00%(upstream:remoteref) refs/heads/master refs/remotes/master [2ms]
[2022-08-22T21:14:12.528Z] > git for-each-ref --sort -committerdate --format %(refname) %(objectname) %(*objectname) [7ms]
[2022-08-22T21:14:12.529Z] > git remote --verbose [2ms]
[2022-08-22T21:14:12.539Z] > git config --get commit.template [2ms]
[2022-08-22T21:14:21.823Z] > git status -z -uall [8ms]
[2022-08-22T21:14:21.832Z] > git symbolic-ref --short HEAD [1ms]
[2022-08-22T21:14:21.841Z] > git for-each-ref --format=%(refname)%00%(upstream:short)%00%(objectname)%00%(upstream:track)%00%(upstream:remotename)%00%(upstream:remoteref) refs/heads/master refs/remotes/master [2ms]
[2022-08-22T21:14:21.855Z] > git for-each-ref --sort -committerdate --format %(refname) %(objectname) %(*objectname) [9ms]
[2022-08-22T21:14:21.855Z] > git remote --verbose [3ms]
[2022-08-22T21:14:21.865Z] > git config --get commit.template [1ms]
[2022-08-22T21:16:36.522Z] > git status -z -uall [4ms]
[2022-08-22T21:16:36.541Z] > git symbolic-ref --short HEAD [4ms]
[2022-08-22T21:16:36.558Z] > git for-each-ref --format=%(refname)%00%(upstream:short)%00%(objectname)%00%(upstream:track)%00%(upstream:remotename)%00%(upstream:remoteref) refs/heads/master refs/remotes/master [7ms]
[2022-08-22T21:16:36.582Z] > git for-each-ref --sort -committerdate --format %(refname) %(objectname) %(*objectname) [14ms]
[2022-08-22T21:16:36.582Z] > git remote --verbose [2ms]
[2022-08-22T21:16:36.598Z] > git config --get commit.template [2ms]
[2022-08-22T21:16:58.247Z] > git status -z -uall [10ms]
[2022-08-22T21:16:58.278Z] > git symbolic-ref --short HEAD [8ms]
[2022-08-22T21:16:58.302Z] > git for-each-ref --format=%(refname)%00%(upstream:short)%00%(objectname)%00%(upstream:track)%00%(upstream:remotename)%00%(upstream:remoteref) refs/heads/master refs/remotes/master [4ms]
[2022-08-22T21:16:58.361Z] > git for-each-ref --sort -committerdate --format %(refname) %(objectname) %(*objectname) [28ms]
[2022-08-22T21:16:58.367Z] > git remote --verbose [11ms]
[2022-08-22T21:16:58.411Z] > git config --get commit.template [9ms]
[2022-08-22T21:17:04.380Z] > git status -z -uall [9ms]
[2022-08-22T21:17:04.390Z] > git symbolic-ref --short HEAD [1ms]
[2022-08-22T21:17:04.398Z] > git for-each-ref --format=%(refname)%00%(upstream:short)%00%(objectname)%00%(upstream:track)%00%(upstream:remotename)%00%(upstream:remoteref) refs/heads/master refs/remotes/master [1ms]
[2022-08-22T21:17:04.412Z] > git remote --verbose [2ms]
[2022-08-22T21:17:04.412Z] > git for-each-ref --sort -committerdate --format %(refname) %(objectname) %(*objectname) [8ms]
[2022-08-22T21:17:04.426Z] > git config --get commit.template [1ms]
[2022-08-22T21:18:33.005Z] > git show --textconv :test/indexTest.js [12ms]
[2022-08-22T21:18:33.006Z] > git ls-files --stage -- /home/denno/phase-1-array-filter-method-lab/test/indexTest.js [4ms]
[2022-08-22T21:18:33.015Z] > git cat-file -s e0b43d0756c5452dd2666640ed6b41d07be49df7 [2ms]
[2022-08-22T21:19:13.557Z] > git show --textconv :index.js [13ms]
[2022-08-22T21:19:13.560Z] > git ls-files --stage -- /home/denno/phase-1-array-filter-method-lab/index.js [4ms]
[2022-08-22T21:19:13.577Z] > git cat-file -s d8bbce05610622c2328fb642986a83a186ef18af [7ms]
[2022-08-22T21:26:50.335Z] > git status -z -uall [19ms]
[2022-08-22T21:26:50.375Z] > git symbolic-ref --short HEAD [12ms]
[2022-08-22T21:26:50.413Z] > git for-each-ref --format=%(refname)%00%(upstream:short)%00%(objectname)%00%(upstream:track)%00%(upstream:remotename)%00%(upstream:remoteref) refs/heads/master refs/remotes/master [11ms]
[2022-08-22T21:26:50.473Z] > git remote --verbose [7ms]
[2022-08-22T21:26:50.475Z] > git for-each-ref --sort -committerdate --format %(refname) %(objectname) %(*objectname) [28ms]
[2022-08-22T21:26:50.531Z] > git config --get commit.template [10ms]
[2022-08-22T21:27:00.162Z] > git status -z -uall [5ms]
[2022-08-22T21:27:00.170Z] > git symbolic-ref --short HEAD [2ms]
[2022-08-22T21:27:00.178Z] > git for-each-ref --format=%(refname)%00%(upstream:short)%00%(objectname)%00%(upstream:track)%00%(upstream:remotename)%00%(upstream:remoteref) refs/heads/master refs/remotes/master [1ms]
[2022-08-22T21:27:00.193Z] > git for-each-ref --sort -committerdate --format %(refname) %(objectname) %(*objectname) [8ms]
[2022-08-22T21:27:00.193Z] > git remote --verbose [2ms]
[2022-08-22T21:27:00.203Z] > git config --get commit.template [1ms]
[2022-08-22T21:27:14.055Z] > git status -z -uall [7ms]
[2022-08-22T21:27:14.063Z] > git symbolic-ref --short HEAD [2ms]
[2022-08-22T21:27:14.071Z] > git for-each-ref --format=%(refname)%00%(upstream:short)%00%(objectname)%00%(upstream:track)%00%(upstream:remotename)%00%(upstream:remoteref) refs/heads/master refs/remotes/master [1ms]
[2022-08-22T21:27:14.085Z] > git remote --verbose [1ms]
[2022-08-22T21:27:14.085Z] > git for-each-ref --sort -committerdate --format %(refname) %(objectname) %(*objectname) [8ms]
[2022-08-22T21:27:14.097Z] > git config --get commit.template [2ms]
[2022-08-23T20:27:37.094Z] > git show --textconv :test/indexTest.js [8ms]
[2022-08-23T20:27:37.097Z] > git ls-files --stage -- /home/denno/phase-1-array-filter-method-lab/test/indexTest.js [4ms]
[2022-08-23T20:27:37.105Z] > git cat-file -s e0b43d0756c5452dd2666640ed6b41d07be49df7 [2ms]
[2022-08-23T20:28:03.027Z] > git show --textconv :index.js [7ms]
[2022-08-23T20:28:03.028Z] > git ls-files --stage -- /home/denno/phase-1-array-filter-method-lab/index.js [2ms]
[2022-08-23T20:28:03.042Z] > git cat-file -s d8bbce05610622c2328fb642986a83a186ef18af [7ms]
[2022-08-23T20:28:59.910Z] > git show --textconv :test/indexTest.js [16ms]
[2022-08-23T20:28:59.919Z] > git ls-files --stage -- /home/denno/phase-1-array-filter-method-lab/test/indexTest.js [12ms]
[2022-08-23T20:28:59.935Z] > git cat-file -s e0b43d0756c5452dd2666640ed6b41d07be49df7 [8ms]
[2022-08-23T20:29:28.845Z] > git show --textconv :index.js [21ms]
[2022-08-23T20:29:28.848Z] > git ls-files --stage -- /home/denno/phase-1-array-filter-method-lab/index.js [5ms]
[2022-08-23T20:29:28.866Z] > git cat-file -s d8bbce05610622c2328fb642986a83a186ef18af [3ms]
[2022-08-23T20:32:12.594Z] > git show --textconv :test/indexTest.js [7ms]
[2022-08-23T20:32:12.597Z] > git ls-files --stage -- /home/denno/phase-1-array-filter-method-lab/test/indexTest.js [4ms]
[2022-08-23T20:32:12.605Z] > git cat-file -s e0b43d0756c5452dd2666640ed6b41d07be49df7 [2ms]
[2022-08-23T20:32:35.286Z] > git show --textconv :index.js [13ms]
[2022-08-23T20:32:35.289Z] > git ls-files --stage -- /home/denno/phase-1-array-filter-method-lab/index.js [6ms]
[2022-08-23T20:32:35.307Z] > git cat-file -s d8bbce05610622c2328fb642986a83a186ef18af [6ms]
[2022-08-23T20:37:34.743Z] > git status -z -uall [13ms]
[2022-08-23T20:37:34.773Z] > git symbolic-ref --short HEAD [7ms]
[2022-08-23T20:37:34.794Z] > git for-each-ref --format=%(refname)%00%(upstream:short)%00%(objectname)%00%(upstream:track)%00%(upstream:remotename)%00%(upstream:remoteref) refs/heads/master refs/remotes/master [3ms]
[2022-08-23T20:37:34.819Z] > git remote --verbose [4ms]
[2022-08-23T20:37:34.820Z] > git for-each-ref --sort -committerdate --format %(refname) %(objectname) %(*objectname) [13ms]
[2022-08-23T20:37:34.839Z] > git config --get commit.template [2ms]
