[2022-08-24T06:29:15.082Z] Log level: Info
[2022-08-24T06:29:15.111Z] [info] Validating found git in: git
[2022-08-24T06:29:16.271Z] [info] Using git 2.37.1 from git
[2022-08-24T06:29:16.583Z] > git rev-parse --show-toplevel [164ms]
[2022-08-24T06:29:16.693Z] > git rev-parse --git-dir --git-common-dir [83ms]
[2022-08-24T06:29:16.735Z] [info] Open repository: /home/denno/phase-1-first-class-functions-lab
[2022-08-24T06:29:16.796Z] > git status -z -uall [23ms]
[2022-08-24T06:29:16.846Z] > git symbolic-ref --short HEAD [19ms]
[2022-08-24T06:29:16.919Z] > git for-each-ref --format=%(refname)%00%(upstream:short)%00%(objectname)%00%(upstream:track)%00%(upstream:remotename)%00%(upstream:remoteref) refs/heads/master refs/remotes/master [52ms]
[2022-08-24T06:29:17.011Z] > git for-each-ref --sort -committerdate --format %(refname) %(objectname) %(*objectname) [59ms]
[2022-08-24T06:29:17.013Z] > git remote --verbose [37ms]
[2022-08-24T06:29:17.072Z] > git config --get commit.template [3ms]
[2022-08-24T06:29:17.111Z] > git status -z -uall [15ms]
[2022-08-24T06:29:17.169Z] > git symbolic-ref --short HEAD [47ms]
[2022-08-24T06:29:17.222Z] > git for-each-ref --format=%(refname)%00%(upstream:short)%00%(objectname)%00%(upstream:track)%00%(upstream:remotename)%00%(upstream:remoteref) refs/heads/master refs/remotes/master [20ms]
[2022-08-24T06:29:17.271Z] > git for-each-ref --sort -committerdate --format %(refname) %(objectname) %(*objectname) [21ms]
[2022-08-24T06:29:17.282Z] > git remote --verbose [13ms]
[2022-08-24T06:29:17.387Z] > git config --get commit.template [55ms]
[2022-08-24T06:29:17.439Z] > git check-ignore -v -z --stdin [13ms]
[2022-08-24T06:29:18.815Z] > git show --textconv :index.js [12ms]
[2022-08-24T06:29:18.818Z] > git ls-files --stage -- /home/denno/phase-1-first-class-functions-lab/index.js [5ms]
[2022-08-24T06:29:18.828Z] > git cat-file -s 0db69491688601b3c96bcf380bae84d315ad3f16 [2ms]
[2022-08-24T06:30:52.206Z] > git status -z -uall [4ms]
[2022-08-24T06:30:52.225Z] > git symbolic-ref --short HEAD [2ms]
[2022-08-24T06:30:52.239Z] > git for-each-ref --format=%(refname)%00%(upstream:short)%00%(objectname)%00%(upstream:track)%00%(upstream:remotename)%00%(upstream:remoteref) refs/heads/master refs/remotes/master [2ms]
[2022-08-24T06:30:52.253Z] > git for-each-ref --sort -committerdate --format %(refname) %(objectname) %(*objectname) [8ms]
[2022-08-24T06:30:52.260Z] > git remote --verbose [9ms]
[2022-08-24T06:30:52.281Z] > git config --get commit.template [1ms]
[2022-08-24T06:30:57.292Z] > git status -z -uall [2ms]
[2022-08-24T06:30:57.301Z] > git symbolic-ref --short HEAD [2ms]
[2022-08-24T06:30:57.308Z] > git for-each-ref --format=%(refname)%00%(upstream:short)%00%(objectname)%00%(upstream:track)%00%(upstream:remotename)%00%(upstream:remoteref) refs/heads/master refs/remotes/master [2ms]
[2022-08-24T06:30:57.321Z] > git for-each-ref --sort -committerdate --format %(refname) %(objectname) %(*objectname) [8ms]
[2022-08-24T06:30:57.322Z] > git remote --verbose [3ms]
[2022-08-24T06:30:57.333Z] > git config --get commit.template [2ms]
[2022-08-24T06:31:46.655Z] > git status -z -uall [3ms]
[2022-08-24T06:31:46.666Z] > git symbolic-ref --short HEAD [2ms]
[2022-08-24T06:31:46.677Z] > git for-each-ref --format=%(refname)%00%(upstream:short)%00%(objectname)%00%(upstream:track)%00%(upstream:remotename)%00%(upstream:remoteref) refs/heads/master refs/remotes/master [3ms]
[2022-08-24T06:31:46.692Z] > git for-each-ref --sort -committerdate --format %(refname) %(objectname) %(*objectname) [9ms]
[2022-08-24T06:31:46.693Z] > git remote --verbose [4ms]
[2022-08-24T06:31:46.711Z] > git config --get commit.template [3ms]
[2022-08-24T06:31:56.020Z] > git status -z -uall [4ms]
[2022-08-24T06:31:56.031Z] > git symbolic-ref --short HEAD [2ms]
[2022-08-24T06:31:56.048Z] > git for-each-ref --format=%(refname)%00%(upstream:short)%00%(objectname)%00%(upstream:track)%00%(upstream:remotename)%00%(upstream:remoteref) refs/heads/master refs/remotes/master [7ms]
[2022-08-24T06:31:56.068Z] > git remote --verbose [7ms]
[2022-08-24T06:31:56.069Z] > git for-each-ref --sort -committerdate --format %(refname) %(objectname) %(*objectname) [16ms]
[2022-08-24T06:31:56.090Z] > git config --get commit.template [2ms]
[2022-08-24T06:32:05.530Z] > git status -z -uall [2ms]
[2022-08-24T06:32:05.537Z] > git symbolic-ref --short HEAD [2ms]
[2022-08-24T06:32:05.546Z] > git for-each-ref --format=%(refname)%00%(upstream:short)%00%(objectname)%00%(upstream:track)%00%(upstream:remotename)%00%(upstream:remoteref) refs/heads/master refs/remotes/master [2ms]
[2022-08-24T06:32:05.556Z] > git remote --verbose [2ms]
[2022-08-24T06:32:05.557Z] > git for-each-ref --sort -committerdate --format %(refname) %(objectname) %(*objectname) [7ms]
[2022-08-24T06:32:05.569Z] > git config --get commit.template [3ms]
[2022-08-24T06:32:05.638Z] > git ls-files --stage -- /home/denno/phase-1-first-class-functions-lab/index.js [2ms]
[2022-08-24T06:32:05.648Z] > git cat-file -s c18bb7476995c573ad76d8588db1a861f5e0e883 [1ms]
[2022-08-24T06:32:05.665Z] > git show --textconv :index.js [4ms]
[2022-08-24T06:32:31.617Z] > git status -z -uall [3ms]
[2022-08-24T06:32:31.624Z] > git symbolic-ref --short HEAD [2ms]
[2022-08-24T06:32:31.631Z] > git for-each-ref --format=%(refname)%00%(upstream:short)%00%(objectname)%00%(upstream:track)%00%(upstream:remotename)%00%(upstream:remoteref) refs/heads/master refs/remotes/master [2ms]
[2022-08-24T06:32:31.641Z] > git remote --verbose [1ms]
[2022-08-24T06:32:31.642Z] > git for-each-ref --sort -committerdate --format %(refname) %(objectname) %(*objectname) [7ms]
[2022-08-24T06:32:31.655Z] > git config --get commit.template [1ms]
[2022-08-24T06:32:31.722Z] > git ls-files --stage -- /home/denno/phase-1-first-class-functions-lab/index.js [2ms]
[2022-08-24T06:32:31.730Z] > git cat-file -s c18bb7476995c573ad76d8588db1a861f5e0e883 [2ms]
[2022-08-24T06:32:31.746Z] > git show --textconv :index.js [3ms]
[2022-08-24T06:32:40.353Z] > git status -z -uall [2ms]
[2022-08-24T06:32:40.362Z] > git symbolic-ref --short HEAD [2ms]
[2022-08-24T06:32:40.370Z] > git for-each-ref --format=%(refname)%00%(upstream:short)%00%(objectname)%00%(upstream:track)%00%(upstream:remotename)%00%(upstream:remoteref) refs/heads/master refs/remotes/master [2ms]
[2022-08-24T06:32:40.381Z] > git remote --verbose [2ms]
[2022-08-24T06:32:40.382Z] > git for-each-ref --sort -committerdate --format %(refname) %(objectname) %(*objectname) [8ms]
[2022-08-24T06:32:40.393Z] > git config --get commit.template [1ms]
[2022-08-24T06:32:40.460Z] > git ls-files --stage -- /home/denno/phase-1-first-class-functions-lab/index.js [1ms]
[2022-08-24T06:32:40.468Z] > git cat-file -s c18bb7476995c573ad76d8588db1a861f5e0e883 [2ms]
[2022-08-24T06:32:40.483Z] > git show --textconv :index.js [3ms]
[2022-08-24T06:58:19.704Z] > git rev-parse --show-toplevel [9ms]
[2022-08-24T06:58:19.724Z] > git rev-parse --git-dir --git-common-dir [4ms]
[2022-08-24T06:58:19.744Z] [info] Open repository: /home/denno/phase-1-using-array-reduce
[2022-08-24T06:58:19.784Z] > git status -z -uall [5ms]
[2022-08-24T06:58:19.800Z] > git symbolic-ref --short HEAD [5ms]
[2022-08-24T06:58:19.816Z] > git for-each-ref --format=%(refname)%00%(upstream:short)%00%(objectname)%00%(upstream:track)%00%(upstream:remotename)%00%(upstream:remoteref) refs/heads/master refs/remotes/master [3ms]
[2022-08-24T06:58:19.841Z] > git for-each-ref --sort -committerdate --format %(refname) %(objectname) %(*objectname) [12ms]
[2022-08-24T06:58:19.848Z] > git remote --verbose [11ms]
[2022-08-24T06:58:19.897Z] > git config --get commit.template [2ms]
[2022-08-24T06:58:20.307Z] > git show --textconv :index.js [13ms]
[2022-08-24T06:58:20.311Z] > git ls-files --stage -- /home/denno/phase-1-using-array-reduce/index.js [6ms]
[2022-08-24T06:58:20.321Z] > git cat-file -s d05094421a5563ecb552e41668c18de705ceedb1 [1ms]
[2022-08-24T06:58:20.611Z] > git check-ignore -v -z --stdin [8ms]
[2022-08-24T06:58:20.613Z] > git check-ignore -v -z --stdin [4ms]
