[2022-08-24T06:14:31.101Z] Log level: Info
[2022-08-24T06:14:31.124Z] [info] Validating found git in: git
[2022-08-24T06:14:31.298Z] [info] Using git 2.37.1 from git
[2022-08-24T06:14:31.352Z] > git rev-parse --show-toplevel [11ms]
[2022-08-24T06:14:31.367Z] > git rev-parse --git-dir --git-common-dir [2ms]
[2022-08-24T06:14:31.381Z] [info] Open repository: /home/denno/phase-1-javascript-functions-continued
[2022-08-24T06:14:31.397Z] > git status -z -uall [3ms]
[2022-08-24T06:14:31.409Z] > git symbolic-ref --short HEAD [5ms]
[2022-08-24T06:14:31.418Z] > git for-each-ref --format=%(refname)%00%(upstream:short)%00%(objectname)%00%(upstream:track)%00%(upstream:remotename)%00%(upstream:remoteref) refs/heads/master refs/remotes/master [2ms]
[2022-08-24T06:14:31.436Z] > git remote --verbose [4ms]
[2022-08-24T06:14:31.438Z] > git for-each-ref --sort -committerdate --format %(refname) %(objectname) %(*objectname) [11ms]
[2022-08-24T06:14:31.455Z] > git config --get commit.template [2ms]
[2022-08-24T06:14:31.467Z] > git status -z -uall [3ms]
[2022-08-24T06:14:31.520Z] > git symbolic-ref --short HEAD [41ms]
[2022-08-24T06:14:31.530Z] > git for-each-ref --format=%(refname)%00%(upstream:short)%00%(objectname)%00%(upstream:track)%00%(upstream:remotename)%00%(upstream:remoteref) refs/heads/master refs/remotes/master [4ms]
[2022-08-24T06:14:31.549Z] > git for-each-ref --sort -committerdate --format %(refname) %(objectname) %(*objectname) [8ms]
[2022-08-24T06:14:31.558Z] > git remote --verbose [11ms]
[2022-08-24T06:14:31.704Z] > git config --get commit.template [42ms]
[2022-08-24T06:14:32.468Z] > git check-ignore -v -z --stdin [15ms]
[2022-08-24T06:14:32.971Z] > git check-ignore -v -z --stdin [2ms]
[2022-08-24T06:14:36.067Z] > git show --textconv :index.js [52ms]
[2022-08-24T06:14:36.067Z] > git ls-files --stage -- /home/denno/phase-1-javascript-functions-continued/index.js [39ms]
[2022-08-24T06:14:36.084Z] > git cat-file -s 9029537493bde97e0c3558a47047b75955900d7f [3ms]
[2022-08-24T06:17:05.401Z] > git status -z -uall [4ms]
[2022-08-24T06:17:05.410Z] > git symbolic-ref --short HEAD [2ms]
[2022-08-24T06:17:05.422Z] > git for-each-ref --format=%(refname)%00%(upstream:short)%00%(objectname)%00%(upstream:track)%00%(upstream:remotename)%00%(upstream:remoteref) refs/heads/master refs/remotes/master [1ms]
[2022-08-24T06:17:05.436Z] > git remote --verbose [3ms]
[2022-08-24T06:17:05.437Z] > git for-each-ref --sort -committerdate --format %(refname) %(objectname) %(*objectname) [10ms]
[2022-08-24T06:17:05.454Z] > git config --get commit.template [1ms]
[2022-08-24T06:17:11.274Z] > git status -z -uall [2ms]
[2022-08-24T06:17:11.285Z] > git symbolic-ref --short HEAD [5ms]
[2022-08-24T06:17:11.293Z] > git for-each-ref --format=%(refname)%00%(upstream:short)%00%(objectname)%00%(upstream:track)%00%(upstream:remotename)%00%(upstream:remoteref) refs/heads/master refs/remotes/master [1ms]
[2022-08-24T06:17:11.306Z] > git for-each-ref --sort -committerdate --format %(refname) %(objectname) %(*objectname) [9ms]
[2022-08-24T06:17:11.306Z] > git remote --verbose [2ms]
[2022-08-24T06:17:11.315Z] > git config --get commit.template [1ms]
[2022-08-24T06:17:20.722Z] > git status -z -uall [4ms]
[2022-08-24T06:17:20.729Z] > git symbolic-ref --short HEAD [1ms]
[2022-08-24T06:17:20.737Z] > git for-each-ref --format=%(refname)%00%(upstream:short)%00%(objectname)%00%(upstream:track)%00%(upstream:remotename)%00%(upstream:remoteref) refs/heads/master refs/remotes/master [1ms]
[2022-08-24T06:17:20.748Z] > git for-each-ref --sort -committerdate --format %(refname) %(objectname) %(*objectname) [5ms]
[2022-08-24T06:17:20.749Z] > git remote --verbose [2ms]
[2022-08-24T06:17:20.760Z] > git config --get commit.template [2ms]
[2022-08-24T06:17:20.831Z] > git ls-files --stage -- /home/denno/phase-1-javascript-functions-continued/index.js [2ms]
[2022-08-24T06:17:20.839Z] > git cat-file -s 4a939dc92bb71fd812f2f40839531fe0128f9156 [2ms]
[2022-08-24T06:17:20.854Z] > git show --textconv :index.js [4ms]
[2022-08-24T06:17:49.877Z] > git status -z -uall [2ms]
[2022-08-24T06:17:49.885Z] > git symbolic-ref --short HEAD [2ms]
[2022-08-24T06:17:49.892Z] > git for-each-ref --format=%(refname)%00%(upstream:short)%00%(objectname)%00%(upstream:track)%00%(upstream:remotename)%00%(upstream:remoteref) refs/heads/master refs/remotes/master [2ms]
[2022-08-24T06:17:49.903Z] > git remote --verbose [2ms]
[2022-08-24T06:17:49.903Z] > git for-each-ref --sort -committerdate --format %(refname) %(objectname) %(*objectname) [7ms]
[2022-08-24T06:17:49.917Z] > git config --get commit.template [2ms]
[2022-08-24T06:17:49.985Z] > git ls-files --stage -- /home/denno/phase-1-javascript-functions-continued/index.js [2ms]
[2022-08-24T06:17:49.993Z] > git cat-file -s 4a939dc92bb71fd812f2f40839531fe0128f9156 [2ms]
[2022-08-24T06:17:50.007Z] > git show --textconv :index.js [2ms]
[2022-08-24T06:17:57.595Z] > git status -z -uall [3ms]
[2022-08-24T06:17:57.603Z] > git symbolic-ref --short HEAD [3ms]
[2022-08-24T06:17:57.610Z] > git for-each-ref --format=%(refname)%00%(upstream:short)%00%(objectname)%00%(upstream:track)%00%(upstream:remotename)%00%(upstream:remoteref) refs/heads/master refs/remotes/master [2ms]
[2022-08-24T06:17:57.620Z] > git for-each-ref --sort -committerdate --format %(refname) %(objectname) %(*objectname) [5ms]
[2022-08-24T06:17:57.622Z] > git remote --verbose [3ms]
[2022-08-24T06:17:57.635Z] > git config --get commit.template [1ms]
[2022-08-24T06:17:57.735Z] > git ls-files --stage -- /home/denno/phase-1-javascript-functions-continued/index.js [1ms]
[2022-08-24T06:17:57.746Z] > git cat-file -s 4a939dc92bb71fd812f2f40839531fe0128f9156 [1ms]
[2022-08-24T06:17:57.761Z] > git show --textconv :index.js [2ms]
