[2022-08-24T07:08:40.100Z] Log level: Info
[2022-08-24T07:08:40.124Z] [info] Validating found git in: git
[2022-08-24T07:08:40.327Z] [info] Using git 2.37.1 from git
[2022-08-24T07:08:40.450Z] > git rev-parse --show-toplevel [48ms]
[2022-08-24T07:08:42.140Z] > git rev-parse --git-dir --git-common-dir [1606ms]
[2022-08-24T07:08:42.321Z] [info] Open repository: /home/denno/phase-1-array-filter-method-lab
[2022-08-24T07:08:42.540Z] > git status -z -uall [163ms]
[2022-08-24T07:08:42.677Z] > git symbolic-ref --short HEAD [115ms]
[2022-08-24T07:08:42.727Z] > git for-each-ref --format=%(refname)%00%(upstream:short)%00%(objectname)%00%(upstream:track)%00%(upstream:remotename)%00%(upstream:remoteref) refs/heads/master refs/remotes/master [14ms]
[2022-08-24T07:08:42.858Z] > git remote --verbose [11ms]
[2022-08-24T07:08:42.864Z] > git for-each-ref --sort -committerdate --format %(refname) %(objectname) %(*objectname) [65ms]
[2022-08-24T07:08:43.072Z] > git show --textconv :index.js [75ms]
[2022-08-24T07:08:43.073Z] > git ls-files --stage -- /home/denno/phase-1-array-filter-method-lab/index.js [27ms]
[2022-08-24T07:08:43.092Z] > git config --get commit.template [134ms]
[2022-08-24T07:08:43.505Z] > git status -z -uall [331ms]
[2022-08-24T07:08:43.517Z] > git check-ignore -v -z --stdin [279ms]
[2022-08-24T07:08:43.526Z] > git cat-file -s d8bbce05610622c2328fb642986a83a186ef18af [436ms]
[2022-08-24T07:08:43.570Z] > git symbolic-ref --short HEAD [54ms]
[2022-08-24T07:08:43.662Z] > git for-each-ref --format=%(refname)%00%(upstream:short)%00%(objectname)%00%(upstream:track)%00%(upstream:remotename)%00%(upstream:remoteref) refs/heads/master refs/remotes/master [37ms]
[2022-08-24T07:08:43.840Z] > git remote --verbose [78ms]
[2022-08-24T07:08:43.841Z] > git for-each-ref --sort -committerdate --format %(refname) %(objectname) %(*objectname) [118ms]
[2022-08-24T07:08:43.890Z] > git config --get commit.template [9ms]
[2022-08-24T07:09:41.269Z] > git status -z -uall [3ms]
[2022-08-24T07:09:41.277Z] > git symbolic-ref --short HEAD [2ms]
[2022-08-24T07:09:41.285Z] > git for-each-ref --format=%(refname)%00%(upstream:short)%00%(objectname)%00%(upstream:track)%00%(upstream:remotename)%00%(upstream:remoteref) refs/heads/master refs/remotes/master [2ms]
[2022-08-24T07:09:41.296Z] > git for-each-ref --sort -committerdate --format %(refname) %(objectname) %(*objectname) [6ms]
[2022-08-24T07:09:41.297Z] > git remote --verbose [3ms]
[2022-08-24T07:09:41.309Z] > git config --get commit.template [1ms]
[2022-08-24T07:14:53.930Z] > git status -z -uall [3ms]
[2022-08-24T07:14:53.941Z] > git symbolic-ref --short HEAD [2ms]
[2022-08-24T07:14:53.952Z] > git for-each-ref --format=%(refname)%00%(upstream:short)%00%(objectname)%00%(upstream:track)%00%(upstream:remotename)%00%(upstream:remoteref) refs/heads/master refs/remotes/master [2ms]
[2022-08-24T07:14:53.964Z] > git for-each-ref --sort -committerdate --format %(refname) %(objectname) %(*objectname) [8ms]
[2022-08-24T07:14:53.965Z] > git remote --verbose [2ms]
[2022-08-24T07:14:53.978Z] > git config --get commit.template [4ms]
[2022-08-24T07:17:40.238Z] > git status -z -uall [2ms]
[2022-08-24T07:17:40.250Z] > git symbolic-ref --short HEAD [4ms]
[2022-08-24T07:17:40.257Z] > git for-each-ref --format=%(refname)%00%(upstream:short)%00%(objectname)%00%(upstream:track)%00%(upstream:remotename)%00%(upstream:remoteref) refs/heads/master refs/remotes/master [2ms]
[2022-08-24T07:17:40.267Z] > git for-each-ref --sort -committerdate --format %(refname) %(objectname) %(*objectname) [5ms]
[2022-08-24T07:17:40.268Z] > git remote --verbose [2ms]
[2022-08-24T07:17:40.281Z] > git config --get commit.template [2ms]
[2022-08-24T07:17:49.414Z] > git status -z -uall [3ms]
[2022-08-24T07:17:49.422Z] > git symbolic-ref --short HEAD [2ms]
[2022-08-24T07:17:49.430Z] > git for-each-ref --format=%(refname)%00%(upstream:short)%00%(objectname)%00%(upstream:track)%00%(upstream:remotename)%00%(upstream:remoteref) refs/heads/master refs/remotes/master [2ms]
[2022-08-24T07:17:49.444Z] > git remote --verbose [2ms]
[2022-08-24T07:17:49.444Z] > git for-each-ref --sort -committerdate --format %(refname) %(objectname) %(*objectname) [7ms]
[2022-08-24T07:17:49.455Z] > git config --get commit.template [2ms]
[2022-08-24T07:25:59.386Z] > git status -z -uall [3ms]
[2022-08-24T07:25:59.394Z] > git symbolic-ref --short HEAD [2ms]
[2022-08-24T07:25:59.402Z] > git for-each-ref --format=%(refname)%00%(upstream:short)%00%(objectname)%00%(upstream:track)%00%(upstream:remotename)%00%(upstream:remoteref) refs/heads/master refs/remotes/master [1ms]
[2022-08-24T07:25:59.415Z] > git remote --verbose [1ms]
[2022-08-24T07:25:59.416Z] > git for-each-ref --sort -committerdate --format %(refname) %(objectname) %(*objectname) [9ms]
[2022-08-24T07:25:59.431Z] > git config --get commit.template [1ms]
[2022-08-24T07:26:25.212Z] > git show --textconv :test/indexTest.js [19ms]
[2022-08-24T07:26:25.214Z] > git ls-files --stage -- /home/denno/phase-1-array-filter-method-lab/test/indexTest.js [5ms]
[2022-08-24T07:26:25.251Z] > git cat-file -s e0b43d0756c5452dd2666640ed6b41d07be49df7 [20ms]
[2022-08-24T07:26:25.604Z] > git check-ignore -v -z --stdin [1ms]
[2022-08-24T07:28:52.987Z] > git show --textconv :index.js [7ms]
[2022-08-24T07:28:52.989Z] > git ls-files --stage -- /home/denno/phase-1-array-filter-method-lab/index.js [3ms]
[2022-08-24T07:28:52.998Z] > git cat-file -s d8bbce05610622c2328fb642986a83a186ef18af [2ms]
[2022-08-24T07:28:59.010Z] > git show --textconv :test/indexTest.js [8ms]
[2022-08-24T07:28:59.015Z] > git ls-files --stage -- /home/denno/phase-1-array-filter-method-lab/test/indexTest.js [7ms]
[2022-08-24T07:28:59.026Z] > git cat-file -s e0b43d0756c5452dd2666640ed6b41d07be49df7 [3ms]
[2022-08-24T07:29:03.294Z] > git show --textconv :index.js [11ms]
[2022-08-24T07:29:03.295Z] > git ls-files --stage -- /home/denno/phase-1-array-filter-method-lab/index.js [7ms]
[2022-08-24T07:29:03.304Z] > git cat-file -s d8bbce05610622c2328fb642986a83a186ef18af [1ms]
[2022-08-24T07:29:53.670Z] > git status -z -uall [3ms]
[2022-08-24T07:29:53.681Z] > git symbolic-ref --short HEAD [3ms]
[2022-08-24T07:29:53.688Z] > git for-each-ref --format=%(refname)%00%(upstream:short)%00%(objectname)%00%(upstream:track)%00%(upstream:remotename)%00%(upstream:remoteref) refs/heads/master refs/remotes/master [2ms]
[2022-08-24T07:29:53.699Z] > git remote --verbose [2ms]
[2022-08-24T07:29:53.700Z] > git for-each-ref --sort -committerdate --format %(refname) %(objectname) %(*objectname) [7ms]
[2022-08-24T07:29:53.710Z] > git config --get commit.template [2ms]
[2022-08-24T07:35:10.944Z] > git show --textconv :test/indexTest.js [14ms]
[2022-08-24T07:35:10.946Z] > git ls-files --stage -- /home/denno/phase-1-array-filter-method-lab/test/indexTest.js [6ms]
[2022-08-24T07:35:10.955Z] > git cat-file -s e0b43d0756c5452dd2666640ed6b41d07be49df7 [1ms]
[2022-08-24T07:35:43.942Z] > git show --textconv :index.js [11ms]
[2022-08-24T07:35:43.948Z] > git ls-files --stage -- /home/denno/phase-1-array-filter-method-lab/index.js [7ms]
[2022-08-24T07:35:43.957Z] > git cat-file -s d8bbce05610622c2328fb642986a83a186ef18af [1ms]
[2022-08-24T08:05:32.086Z] > git show --textconv :test/indexTest.js [7ms]
[2022-08-24T08:05:32.088Z] > git ls-files --stage -- /home/denno/phase-1-array-filter-method-lab/test/indexTest.js [4ms]
[2022-08-24T08:05:32.095Z] > git cat-file -s e0b43d0756c5452dd2666640ed6b41d07be49df7 [2ms]
[2022-08-24T08:05:37.261Z] > git show --textconv :index.js [10ms]
[2022-08-24T08:05:37.263Z] > git ls-files --stage -- /home/denno/phase-1-array-filter-method-lab/index.js [6ms]
[2022-08-24T08:05:37.271Z] > git cat-file -s d8bbce05610622c2328fb642986a83a186ef18af [2ms]
[2022-08-24T08:11:11.179Z] > git status -z -uall [3ms]
[2022-08-24T08:11:11.190Z] > git symbolic-ref --short HEAD [1ms]
[2022-08-24T08:11:11.206Z] > git for-each-ref --format=%(refname)%00%(upstream:short)%00%(objectname)%00%(upstream:track)%00%(upstream:remotename)%00%(upstream:remoteref) refs/heads/master refs/remotes/master [8ms]
[2022-08-24T08:11:11.225Z] > git remote --verbose [3ms]
[2022-08-24T08:11:11.225Z] > git for-each-ref --sort -committerdate --format %(refname) %(objectname) %(*objectname) [9ms]
[2022-08-24T08:11:11.244Z] > git config --get commit.template [3ms]
[2022-08-24T08:11:20.678Z] > git status -z -uall [2ms]
[2022-08-24T08:11:20.690Z] > git symbolic-ref --short HEAD [2ms]
[2022-08-24T08:11:20.702Z] > git for-each-ref --format=%(refname)%00%(upstream:short)%00%(objectname)%00%(upstream:track)%00%(upstream:remotename)%00%(upstream:remoteref) refs/heads/master refs/remotes/master [2ms]
[2022-08-24T08:11:20.715Z] > git for-each-ref --sort -committerdate --format %(refname) %(objectname) %(*objectname) [7ms]
[2022-08-24T08:11:20.715Z] > git remote --verbose [1ms]
[2022-08-24T08:11:20.727Z] > git config --get commit.template [1ms]
[2022-08-24T08:17:26.476Z] > git status -z -uall [3ms]
[2022-08-24T08:17:26.506Z] > git symbolic-ref --short HEAD [3ms]
[2022-08-24T08:17:26.536Z] > git for-each-ref --format=%(refname)%00%(upstream:short)%00%(objectname)%00%(upstream:track)%00%(upstream:remotename)%00%(upstream:remoteref) refs/heads/master refs/remotes/master [15ms]
[2022-08-24T08:17:26.572Z] > git for-each-ref --sort -committerdate --format %(refname) %(objectname) %(*objectname) [20ms]
[2022-08-24T08:17:26.578Z] > git remote --verbose [8ms]
[2022-08-24T08:17:26.604Z] > git config --get commit.template [2ms]
[2022-08-24T08:22:32.614Z] > git status -z -uall [3ms]
[2022-08-24T08:22:32.628Z] > git symbolic-ref --short HEAD [2ms]
[2022-08-24T08:22:32.643Z] > git for-each-ref --format=%(refname)%00%(upstream:short)%00%(objectname)%00%(upstream:track)%00%(upstream:remotename)%00%(upstream:remoteref) refs/heads/master refs/remotes/master [3ms]
[2022-08-24T08:22:32.675Z] > git remote --verbose [5ms]
[2022-08-24T08:22:32.675Z] > git for-each-ref --sort -committerdate --format %(refname) %(objectname) %(*objectname) [21ms]
[2022-08-24T08:22:32.694Z] > git config --get commit.template [2ms]
[2022-08-24T08:22:38.439Z] > git status -z -uall [3ms]
[2022-08-24T08:22:38.455Z] > git symbolic-ref --short HEAD [2ms]
[2022-08-24T08:22:38.469Z] > git for-each-ref --format=%(refname)%00%(upstream:short)%00%(objectname)%00%(upstream:track)%00%(upstream:remotename)%00%(upstream:remoteref) refs/heads/master refs/remotes/master [7ms]
[2022-08-24T08:22:38.489Z] > git remote --verbose [3ms]
[2022-08-24T08:22:38.489Z] > git for-each-ref --sort -committerdate --format %(refname) %(objectname) %(*objectname) [12ms]
[2022-08-24T08:22:38.504Z] > git config --get commit.template [2ms]
[2022-08-24T08:25:30.015Z] > git status -z -uall [5ms]
[2022-08-24T08:25:30.041Z] > git symbolic-ref --short HEAD [11ms]
[2022-08-24T08:25:30.058Z] > git for-each-ref --format=%(refname)%00%(upstream:short)%00%(objectname)%00%(upstream:track)%00%(upstream:remotename)%00%(upstream:remoteref) refs/heads/master refs/remotes/master [2ms]
[2022-08-24T08:25:30.096Z] > git remote --verbose [7ms]
[2022-08-24T08:25:30.097Z] > git for-each-ref --sort -committerdate --format %(refname) %(objectname) %(*objectname) [22ms]
[2022-08-24T08:25:30.137Z] > git config --get commit.template [3ms]
[2022-08-24T08:27:02.463Z] > git status -z -uall [4ms]
[2022-08-24T08:27:02.475Z] > git symbolic-ref --short HEAD [4ms]
[2022-08-24T08:27:02.485Z] > git for-each-ref --format=%(refname)%00%(upstream:short)%00%(objectname)%00%(upstream:track)%00%(upstream:remotename)%00%(upstream:remoteref) refs/heads/master refs/remotes/master [2ms]
[2022-08-24T08:27:02.501Z] > git for-each-ref --sort -committerdate --format %(refname) %(objectname) %(*objectname) [11ms]
[2022-08-24T08:27:02.502Z] > git remote --verbose [4ms]
[2022-08-24T08:27:02.515Z] > git config --get commit.template [3ms]
[2022-08-24T08:27:11.441Z] > git status -z -uall [2ms]
[2022-08-24T08:27:11.450Z] > git symbolic-ref --short HEAD [2ms]
[2022-08-24T08:27:11.461Z] > git for-each-ref --format=%(refname)%00%(upstream:short)%00%(objectname)%00%(upstream:track)%00%(upstream:remotename)%00%(upstream:remoteref) refs/heads/master refs/remotes/master [2ms]
[2022-08-24T08:27:11.482Z] > git remote --verbose [2ms]
[2022-08-24T08:27:11.482Z] > git for-each-ref --sort -committerdate --format %(refname) %(objectname) %(*objectname) [11ms]
[2022-08-24T08:27:11.496Z] > git config --get commit.template [2ms]
[2022-08-24T08:27:41.809Z] > git status -z -uall [2ms]
[2022-08-24T08:27:41.820Z] > git symbolic-ref --short HEAD [2ms]
[2022-08-24T08:27:41.835Z] > git for-each-ref --format=%(refname)%00%(upstream:short)%00%(objectname)%00%(upstream:track)%00%(upstream:remotename)%00%(upstream:remoteref) refs/heads/master refs/remotes/master [4ms]
[2022-08-24T08:27:41.852Z] > git remote --verbose [3ms]
[2022-08-24T08:27:41.853Z] > git for-each-ref --sort -committerdate --format %(refname) %(objectname) %(*objectname) [11ms]
[2022-08-24T08:27:41.868Z] > git config --get commit.template [2ms]
[2022-08-24T08:27:55.567Z] > git status -z -uall [3ms]
[2022-08-24T08:27:55.576Z] > git symbolic-ref --short HEAD [2ms]
[2022-08-24T08:27:55.584Z] > git for-each-ref --format=%(refname)%00%(upstream:short)%00%(objectname)%00%(upstream:track)%00%(upstream:remotename)%00%(upstream:remoteref) refs/heads/master refs/remotes/master [1ms]
[2022-08-24T08:27:55.600Z] > git remote --verbose [2ms]
[2022-08-24T08:27:55.600Z] > git for-each-ref --sort -committerdate --format %(refname) %(objectname) %(*objectname) [11ms]
[2022-08-24T08:27:55.613Z] > git config --get commit.template [3ms]
[2022-08-24T08:28:40.541Z] > git status -z -uall [3ms]
[2022-08-24T08:28:40.558Z] > git symbolic-ref --short HEAD [2ms]
[2022-08-24T08:28:40.574Z] > git for-each-ref --format=%(refname)%00%(upstream:short)%00%(objectname)%00%(upstream:track)%00%(upstream:remotename)%00%(upstream:remoteref) refs/heads/master refs/remotes/master [5ms]
[2022-08-24T08:28:40.597Z] > git remote --verbose [6ms]
[2022-08-24T08:28:40.597Z] > git for-each-ref --sort -committerdate --format %(refname) %(objectname) %(*objectname) [16ms]
[2022-08-24T08:28:40.614Z] > git config --get commit.template [4ms]
[2022-08-24T08:28:47.800Z] > git status -z -uall [3ms]
[2022-08-24T08:28:47.814Z] > git symbolic-ref --short HEAD [2ms]
[2022-08-24T08:28:47.829Z] > git for-each-ref --format=%(refname)%00%(upstream:short)%00%(objectname)%00%(upstream:track)%00%(upstream:remotename)%00%(upstream:remoteref) refs/heads/master refs/remotes/master [2ms]
[2022-08-24T08:28:47.855Z] > git for-each-ref --sort -committerdate --format %(refname) %(objectname) %(*objectname) [16ms]
[2022-08-24T08:28:47.856Z] > git remote --verbose [2ms]
[2022-08-24T08:28:47.879Z] > git config --get commit.template [6ms]
[2022-08-24T08:29:41.547Z] > git status -z -uall [3ms]
[2022-08-24T08:29:41.562Z] > git symbolic-ref --short HEAD [2ms]
[2022-08-24T08:29:41.570Z] > git for-each-ref --format=%(refname)%00%(upstream:short)%00%(objectname)%00%(upstream:track)%00%(upstream:remotename)%00%(upstream:remoteref) refs/heads/master refs/remotes/master [1ms]
[2022-08-24T08:29:41.584Z] > git remote --verbose [1ms]
[2022-08-24T08:29:41.584Z] > git for-each-ref --sort -committerdate --format %(refname) %(objectname) %(*objectname) [7ms]
[2022-08-24T08:29:41.596Z] > git config --get commit.template [2ms]
[2022-08-24T08:30:17.680Z] > git status -z -uall [2ms]
[2022-08-24T08:30:17.689Z] > git symbolic-ref --short HEAD [2ms]
[2022-08-24T08:30:17.698Z] > git for-each-ref --format=%(refname)%00%(upstream:short)%00%(objectname)%00%(upstream:track)%00%(upstream:remotename)%00%(upstream:remoteref) refs/heads/master refs/remotes/master [2ms]
[2022-08-24T08:30:17.716Z] > git for-each-ref --sort -committerdate --format %(refname) %(objectname) %(*objectname) [12ms]
[2022-08-24T08:30:17.716Z] > git remote --verbose [3ms]
[2022-08-24T08:30:17.730Z] > git config --get commit.template [2ms]
[2022-08-24T08:30:31.912Z] > git status -z -uall [3ms]
[2022-08-24T08:30:31.920Z] > git symbolic-ref --short HEAD [2ms]
[2022-08-24T08:30:31.928Z] > git for-each-ref --format=%(refname)%00%(upstream:short)%00%(objectname)%00%(upstream:track)%00%(upstream:remotename)%00%(upstream:remoteref) refs/heads/master refs/remotes/master [1ms]
[2022-08-24T08:30:31.946Z] > git for-each-ref --sort -committerdate --format %(refname) %(objectname) %(*objectname) [9ms]
[2022-08-24T08:30:31.947Z] > git remote --verbose [3ms]
[2022-08-24T08:30:31.961Z] > git config --get commit.template [1ms]
[2022-08-24T08:31:45.479Z] > git status -z -uall [3ms]
[2022-08-24T08:31:45.493Z] > git symbolic-ref --short HEAD [2ms]
[2022-08-24T08:31:45.505Z] > git for-each-ref --format=%(refname)%00%(upstream:short)%00%(objectname)%00%(upstream:track)%00%(upstream:remotename)%00%(upstream:remoteref) refs/heads/master refs/remotes/master [3ms]
[2022-08-24T08:31:45.531Z] > git for-each-ref --sort -committerdate --format %(refname) %(objectname) %(*objectname) [19ms]
[2022-08-24T08:31:45.532Z] > git remote --verbose [5ms]
[2022-08-24T08:31:45.547Z] > git config --get commit.template [2ms]
[2022-08-24T08:31:51.968Z] > git status -z -uall [2ms]
[2022-08-24T08:31:51.979Z] > git symbolic-ref --short HEAD [2ms]
[2022-08-24T08:31:51.987Z] > git for-each-ref --format=%(refname)%00%(upstream:short)%00%(objectname)%00%(upstream:track)%00%(upstream:remotename)%00%(upstream:remoteref) refs/heads/master refs/remotes/master [1ms]
[2022-08-24T08:31:52.000Z] > git for-each-ref --sort -committerdate --format %(refname) %(objectname) %(*objectname) [7ms]
[2022-08-24T08:31:52.001Z] > git remote --verbose [2ms]
[2022-08-24T08:31:52.014Z] > git config --get commit.template [1ms]
