[2022-08-22T20:29:01.378Z] Log level: Info
[2022-08-22T20:29:01.416Z] [info] Validating found git in: git
[2022-08-22T20:29:01.740Z] [info] Using git 2.37.1 from git
[2022-08-22T20:29:01.843Z] > git rev-parse --show-toplevel [45ms]
[2022-08-22T20:29:03.744Z] > git rev-parse --git-dir --git-common-dir [1849ms]
[2022-08-22T20:29:03.852Z] [info] Open repository: /home/denno/phase-1-domcontentloaded
[2022-08-22T20:29:04.648Z] > git status -z -uall [677ms]
[2022-08-22T20:29:04.867Z] > git symbolic-ref --short HEAD [197ms]
[2022-08-22T20:29:04.966Z] > git check-ignore -v -z --stdin [32ms]
[2022-08-22T20:29:04.968Z] > git for-each-ref --format=%(refname)%00%(upstream:short)%00%(objectname)%00%(upstream:track)%00%(upstream:remotename)%00%(upstream:remoteref) refs/heads/master refs/remotes/master [73ms]
[2022-08-22T20:29:05.285Z] > git remote --verbose [249ms]
[2022-08-22T20:29:05.286Z] > git for-each-ref --sort -committerdate --format %(refname) %(objectname) %(*objectname) [269ms]
[2022-08-22T20:29:05.369Z] > git config --get commit.template [15ms]
[2022-08-22T20:29:05.620Z] > git status -z -uall [213ms]
[2022-08-22T20:29:05.665Z] > git show --textconv :index.js [91ms]
[2022-08-22T20:29:05.741Z] > git symbolic-ref --short HEAD [76ms]
[2022-08-22T20:29:05.769Z] > git ls-files --stage -- /home/denno/phase-1-domcontentloaded/index.js [155ms]
[2022-08-22T20:29:05.944Z] > git check-ignore -v -z --stdin [208ms]
[2022-08-22T20:29:05.946Z] > git for-each-ref --format=%(refname)%00%(upstream:short)%00%(objectname)%00%(upstream:track)%00%(upstream:remotename)%00%(upstream:remoteref) refs/heads/master refs/remotes/master [177ms]
[2022-08-22T20:29:06.003Z] > git remote --verbose [17ms]
[2022-08-22T20:29:06.004Z] > git for-each-ref --sort -committerdate --format %(refname) %(objectname) %(*objectname) [41ms]
[2022-08-22T20:29:06.005Z] > git cat-file -s 4b2f1489cc597466829314ff566dd6648fbad0a3 [135ms]
[2022-08-22T20:29:06.138Z] > git config --get commit.template [20ms]
[2022-08-22T20:29:06.532Z] > git check-ignore -v -z --stdin [51ms]
[2022-08-22T20:29:11.107Z] > git show --textconv :test/indexTest.js [23ms]
[2022-08-22T20:29:11.109Z] > git ls-files --stage -- /home/denno/phase-1-domcontentloaded/test/indexTest.js [3ms]
[2022-08-22T20:29:11.148Z] > git cat-file -s a012b5893569811170aa556412c52bd6c4655a02 [21ms]
[2022-08-22T20:30:31.904Z] > git show --textconv :index.js [20ms]
[2022-08-22T20:30:31.916Z] > git ls-files --stage -- /home/denno/phase-1-domcontentloaded/index.js [14ms]
[2022-08-22T20:30:31.936Z] > git cat-file -s 4b2f1489cc597466829314ff566dd6648fbad0a3 [1ms]
[2022-08-22T20:30:46.954Z] > git status -z -uall [14ms]
[2022-08-22T20:30:46.972Z] > git symbolic-ref --short HEAD [9ms]
[2022-08-22T20:30:46.991Z] > git for-each-ref --format=%(refname)%00%(upstream:short)%00%(objectname)%00%(upstream:track)%00%(upstream:remotename)%00%(upstream:remoteref) refs/heads/master refs/remotes/master [9ms]
[2022-08-22T20:30:47.031Z] > git for-each-ref --sort -committerdate --format %(refname) %(objectname) %(*objectname) [21ms]
[2022-08-22T20:30:47.041Z] > git remote --verbose [13ms]
[2022-08-22T20:30:47.078Z] > git config --get commit.template [2ms]
[2022-08-22T20:30:52.096Z] > git status -z -uall [4ms]
[2022-08-22T20:30:52.107Z] > git symbolic-ref --short HEAD [2ms]
[2022-08-22T20:30:52.118Z] > git for-each-ref --format=%(refname)%00%(upstream:short)%00%(objectname)%00%(upstream:track)%00%(upstream:remotename)%00%(upstream:remoteref) refs/heads/master refs/remotes/master [3ms]
[2022-08-22T20:30:52.133Z] > git remote --verbose [2ms]
[2022-08-22T20:30:52.134Z] > git for-each-ref --sort -committerdate --format %(refname) %(objectname) %(*objectname) [9ms]
[2022-08-22T20:30:52.151Z] > git config --get commit.template [2ms]
[2022-08-22T20:31:14.919Z] > git check-ignore -v -z --stdin [8ms]
[2022-08-22T20:31:17.384Z] > git show --textconv :index.html [49ms]
[2022-08-22T20:31:17.385Z] > git ls-files --stage -- /home/denno/phase-1-domcontentloaded/index.html [44ms]
[2022-08-22T20:31:17.440Z] > git cat-file -s 830b7d4c84102927bcfbe15827660382795ccf8d [48ms]
[2022-08-22T20:31:25.188Z] > git show --textconv :index.js [25ms]
[2022-08-22T20:31:25.193Z] > git ls-files --stage -- /home/denno/phase-1-domcontentloaded/index.js [15ms]
[2022-08-22T20:31:25.210Z] > git cat-file -s 4b2f1489cc597466829314ff566dd6648fbad0a3 [5ms]
[2022-08-22T20:32:31.351Z] > git show --textconv :test/indexTest.js [19ms]
[2022-08-22T20:32:31.351Z] > git ls-files --stage -- /home/denno/phase-1-domcontentloaded/test/indexTest.js [6ms]
[2022-08-22T20:32:31.368Z] > git cat-file -s a012b5893569811170aa556412c52bd6c4655a02 [4ms]
[2022-08-22T20:32:31.832Z] > git check-ignore -v -z --stdin [3ms]
[2022-08-22T20:32:47.292Z] > git show --textconv :index.js [31ms]
[2022-08-22T20:32:47.293Z] > git ls-files --stage -- /home/denno/phase-1-domcontentloaded/index.js [4ms]
[2022-08-22T20:32:47.331Z] > git cat-file -s 4b2f1489cc597466829314ff566dd6648fbad0a3 [19ms]
[2022-08-22T20:33:29.819Z] > git status -z -uall [4ms]
[2022-08-22T20:33:29.836Z] > git symbolic-ref --short HEAD [6ms]
[2022-08-22T20:33:29.852Z] > git for-each-ref --format=%(refname)%00%(upstream:short)%00%(objectname)%00%(upstream:track)%00%(upstream:remotename)%00%(upstream:remoteref) refs/heads/master refs/remotes/master [6ms]
[2022-08-22T20:33:29.887Z] > git remote --verbose [4ms]
[2022-08-22T20:33:29.889Z] > git for-each-ref --sort -committerdate --format %(refname) %(objectname) %(*objectname) [24ms]
[2022-08-22T20:33:29.932Z] > git config --get commit.template [3ms]
[2022-08-22T20:33:36.590Z] > git status -z -uall [10ms]
[2022-08-22T20:33:36.618Z] > git symbolic-ref --short HEAD [9ms]
[2022-08-22T20:33:36.643Z] > git for-each-ref --format=%(refname)%00%(upstream:short)%00%(objectname)%00%(upstream:track)%00%(upstream:remotename)%00%(upstream:remoteref) refs/heads/master refs/remotes/master [4ms]
[2022-08-22T20:33:36.683Z] > git remote --verbose [4ms]
[2022-08-22T20:33:36.685Z] > git for-each-ref --sort -committerdate --format %(refname) %(objectname) %(*objectname) [26ms]
[2022-08-22T20:33:36.739Z] > git config --get commit.template [6ms]
[2022-08-22T20:34:15.182Z] > git status -z -uall [5ms]
[2022-08-22T20:34:15.202Z] > git symbolic-ref --short HEAD [5ms]
[2022-08-22T20:34:15.228Z] > git for-each-ref --format=%(refname)%00%(upstream:short)%00%(objectname)%00%(upstream:track)%00%(upstream:remotename)%00%(upstream:remoteref) refs/heads/master refs/remotes/master [4ms]
[2022-08-22T20:34:15.252Z] > git for-each-ref --sort -committerdate --format %(refname) %(objectname) %(*objectname) [14ms]
[2022-08-22T20:34:15.254Z] > git remote --verbose [5ms]
[2022-08-22T20:34:15.278Z] > git config --get commit.template [4ms]
[2022-08-22T20:34:15.351Z] > git ls-files --stage -- /home/denno/phase-1-domcontentloaded/index.js [2ms]
[2022-08-22T20:34:15.375Z] > git cat-file -s 12a4edf47c016c003a1db3b103653ab379c68dc6 [11ms]
[2022-08-22T20:34:15.420Z] > git show --textconv :index.js [7ms]
[2022-08-22T20:34:34.288Z] > git status -z -uall [6ms]
[2022-08-22T20:34:34.309Z] > git symbolic-ref --short HEAD [7ms]
[2022-08-22T20:34:34.338Z] > git for-each-ref --format=%(refname)%00%(upstream:short)%00%(objectname)%00%(upstream:track)%00%(upstream:remotename)%00%(upstream:remoteref) refs/heads/master refs/remotes/master [12ms]
[2022-08-22T20:34:34.391Z] > git remote --verbose [14ms]
[2022-08-22T20:34:34.392Z] > git for-each-ref --sort -committerdate --format %(refname) %(objectname) %(*objectname) [39ms]
[2022-08-22T20:34:34.426Z] > git config --get commit.template [8ms]
[2022-08-22T20:34:34.570Z] > git ls-files --stage -- /home/denno/phase-1-domcontentloaded/index.js [13ms]
[2022-08-22T20:34:34.588Z] > git cat-file -s 12a4edf47c016c003a1db3b103653ab379c68dc6 [3ms]
[2022-08-22T20:34:34.641Z] > git show --textconv :index.js [9ms]
[2022-08-22T20:34:48.081Z] > git status -z -uall [11ms]
[2022-08-22T20:34:48.101Z] > git symbolic-ref --short HEAD [5ms]
[2022-08-22T20:34:48.117Z] > git for-each-ref --format=%(refname)%00%(upstream:short)%00%(objectname)%00%(upstream:track)%00%(upstream:remotename)%00%(upstream:remoteref) refs/heads/master refs/remotes/master [4ms]
[2022-08-22T20:34:48.159Z] > git for-each-ref --sort -committerdate --format %(refname) %(objectname) %(*objectname) [22ms]
[2022-08-22T20:34:48.162Z] > git remote --verbose [13ms]
[2022-08-22T20:34:48.221Z] > git ls-files --stage -- /home/denno/phase-1-domcontentloaded/index.js [2ms]
[2022-08-22T20:34:48.232Z] > git config --get commit.template [33ms]
[2022-08-22T20:34:48.246Z] > git cat-file -s 12a4edf47c016c003a1db3b103653ab379c68dc6 [15ms]
[2022-08-22T20:34:48.315Z] > git show --textconv :index.js [3ms]
