[2022-08-24T06:59:36.191Z] Log level: Info
[2022-08-24T06:59:36.227Z] [info] Validating found git in: git
[2022-08-24T06:59:36.559Z] [info] Using git 2.37.1 from git
[2022-08-24T06:59:36.719Z] > git rev-parse --show-toplevel [49ms]
[2022-08-24T06:59:36.806Z] > git rev-parse --git-dir --git-common-dir [24ms]
[2022-08-24T06:59:36.933Z] [info] Open repository: /home/denno/phase-1-using-array-reduce
[2022-08-24T06:59:39.103Z] > git status -z -uall [2032ms]
[2022-08-24T06:59:39.196Z] > git check-ignore -v -z --stdin [358ms]
[2022-08-24T06:59:39.222Z] > git symbolic-ref --short HEAD [28ms]
[2022-08-24T06:59:39.494Z] > git show --textconv :index.js [64ms]
[2022-08-24T06:59:39.494Z] > git for-each-ref --format=%(refname)%00%(upstream:short)%00%(objectname)%00%(upstream:track)%00%(upstream:remotename)%00%(upstream:remoteref) refs/heads/master refs/remotes/master [257ms]
[2022-08-24T06:59:39.610Z] > git remote --verbose [39ms]
[2022-08-24T06:59:39.611Z] > git for-each-ref --sort -committerdate --format %(refname) %(objectname) %(*objectname) [86ms]
[2022-08-24T06:59:39.647Z] > git ls-files --stage -- /home/denno/phase-1-using-array-reduce/index.js [156ms]
[2022-08-24T06:59:39.918Z] > git check-ignore -v -z --stdin [312ms]
[2022-08-24T06:59:39.924Z] > git cat-file -s d05094421a5563ecb552e41668c18de705ceedb1 [215ms]
[2022-08-24T06:59:40.045Z] > git config --get commit.template [308ms]
[2022-08-24T06:59:40.097Z] > git status -z -uall [27ms]
[2022-08-24T06:59:40.156Z] > git symbolic-ref --short HEAD [28ms]
[2022-08-24T06:59:40.192Z] > git for-each-ref --format=%(refname)%00%(upstream:short)%00%(objectname)%00%(upstream:track)%00%(upstream:remotename)%00%(upstream:remoteref) refs/heads/master refs/remotes/master [10ms]
[2022-08-24T06:59:40.249Z] > git for-each-ref --sort -committerdate --format %(refname) %(objectname) %(*objectname) [37ms]
[2022-08-24T06:59:40.250Z] > git remote --verbose [3ms]
[2022-08-24T06:59:40.337Z] > git config --get commit.template [1ms]
[2022-08-24T06:59:54.062Z] > git status -z -uall [2ms]
[2022-08-24T06:59:54.071Z] > git symbolic-ref --short HEAD [2ms]
[2022-08-24T06:59:54.080Z] > git for-each-ref --format=%(refname)%00%(upstream:short)%00%(objectname)%00%(upstream:track)%00%(upstream:remotename)%00%(upstream:remoteref) refs/heads/master refs/remotes/master [1ms]
[2022-08-24T06:59:54.095Z] > git for-each-ref --sort -committerdate --format %(refname) %(objectname) %(*objectname) [8ms]
[2022-08-24T06:59:54.095Z] > git remote --verbose [2ms]
[2022-08-24T06:59:54.109Z] > git config --get commit.template [2ms]
[2022-08-24T07:05:06.010Z] > git status -z -uall [3ms]
[2022-08-24T07:05:06.019Z] > git symbolic-ref --short HEAD [3ms]
[2022-08-24T07:05:06.027Z] > git for-each-ref --format=%(refname)%00%(upstream:short)%00%(objectname)%00%(upstream:track)%00%(upstream:remotename)%00%(upstream:remoteref) refs/heads/master refs/remotes/master [2ms]
[2022-08-24T07:05:06.040Z] > git remote --verbose [3ms]
[2022-08-24T07:05:06.041Z] > git for-each-ref --sort -committerdate --format %(refname) %(objectname) %(*objectname) [9ms]
[2022-08-24T07:05:06.058Z] > git config --get commit.template [7ms]
[2022-08-24T07:05:06.119Z] > git ls-files --stage -- /home/denno/phase-1-using-array-reduce/index.js [2ms]
[2022-08-24T07:05:06.128Z] > git cat-file -s d05094421a5563ecb552e41668c18de705ceedb1 [2ms]
[2022-08-24T07:05:06.147Z] > git show --textconv :index.js [2ms]
