[2022-08-24T10:51:22.216Z] Log level: Info
[2022-08-24T10:51:22.230Z] [info] Validating found git in: git
[2022-08-24T10:51:22.335Z] [info] Using git 2.37.1 from git
[2022-08-24T10:51:54.568Z] > git rev-parse --show-toplevel [6ms]
[2022-08-24T10:51:54.594Z] > git rev-parse --git-dir --git-common-dir [2ms]
[2022-08-24T10:51:54.645Z] [info] Open repository: /home/denno
[2022-08-24T10:51:55.805Z] > git check-ignore -v -z --stdin [4ms]
[2022-08-24T10:51:56.124Z] > git show --textconv :.bash_logout [11ms]
[2022-08-24T10:51:56.129Z] > git ls-files --stage -- /home/denno/.bash_logout [7ms]
[2022-08-24T10:51:57.664Z] > git status -z -uall [2981ms]
[2022-08-24T10:51:57.675Z] > git symbolic-ref --short HEAD [3ms]
[2022-08-24T10:51:57.687Z] > git for-each-ref --format=%(refname)%00%(upstream:short)%00%(objectname)%00%(upstream:track)%00%(upstream:remotename)%00%(upstream:remoteref) refs/heads/main refs/remotes/main [3ms]
[2022-08-24T10:51:57.703Z] > git remote --verbose [4ms]
[2022-08-24T10:51:57.704Z] > git for-each-ref --sort -committerdate --format %(refname) %(objectname) %(*objectname) [10ms]
[2022-08-24T10:52:01.671Z] > git config --get commit.template [39ms]
[2022-08-24T10:52:01.996Z] > git status -z -uall [286ms]
[2022-08-24T10:52:02.019Z] > git symbolic-ref --short HEAD [3ms]
[2022-08-24T10:52:02.043Z] > git for-each-ref --format=%(refname)%00%(upstream:short)%00%(objectname)%00%(upstream:track)%00%(upstream:remotename)%00%(upstream:remoteref) refs/heads/main refs/remotes/main [8ms]
[2022-08-24T10:52:02.072Z] > git remote --verbose [3ms]
[2022-08-24T10:52:02.073Z] > git for-each-ref --sort -committerdate --format %(refname) %(objectname) %(*objectname) [22ms]
[2022-08-24T10:52:07.274Z] > git config --get commit.template [40ms]
[2022-08-24T10:52:15.443Z] > git check-ignore -v -z --stdin [32ms]
[2022-08-24T10:52:15.706Z] > git show --textconv :db.json [158ms]
[2022-08-24T10:52:15.707Z] > git ls-files --stage -- /home/denno/db.json [137ms]
[2022-08-24T10:52:17.374Z] > git status -z -uall [106ms]
[2022-08-24T10:52:17.394Z] > git symbolic-ref --short HEAD [2ms]
[2022-08-24T10:52:17.410Z] > git for-each-ref --format=%(refname)%00%(upstream:short)%00%(objectname)%00%(upstream:track)%00%(upstream:remotename)%00%(upstream:remoteref) refs/heads/main refs/remotes/main [2ms]
[2022-08-24T10:52:17.487Z] > git remote --verbose [3ms]
[2022-08-24T10:52:17.488Z] > git for-each-ref --sort -committerdate --format %(refname) %(objectname) %(*objectname) [23ms]
[2022-08-24T10:52:21.899Z] > git config --get commit.template [33ms]
[2022-08-24T10:52:33.471Z] > git status -z -uall [190ms]
[2022-08-24T10:52:33.486Z] > git symbolic-ref --short HEAD [3ms]
[2022-08-24T10:52:33.501Z] > git for-each-ref --format=%(refname)%00%(upstream:short)%00%(objectname)%00%(upstream:track)%00%(upstream:remotename)%00%(upstream:remoteref) refs/heads/main refs/remotes/main [2ms]
[2022-08-24T10:52:33.543Z] > git remote --verbose [4ms]
[2022-08-24T10:52:33.544Z] > git for-each-ref --sort -committerdate --format %(refname) %(objectname) %(*objectname) [25ms]
[2022-08-24T10:52:38.600Z] > git config --get commit.template [51ms]
[2022-08-24T10:53:21.193Z] > git status -z -uall [154ms]
[2022-08-24T10:53:21.204Z] > git symbolic-ref --short HEAD [3ms]
[2022-08-24T10:53:21.219Z] > git for-each-ref --format=%(refname)%00%(upstream:short)%00%(objectname)%00%(upstream:track)%00%(upstream:remotename)%00%(upstream:remoteref) refs/heads/main refs/remotes/main [3ms]
[2022-08-24T10:53:21.234Z] > git for-each-ref --sort -committerdate --format %(refname) %(objectname) %(*objectname) [9ms]
[2022-08-24T10:53:21.236Z] > git remote --verbose [4ms]
[2022-08-24T10:53:26.777Z] > git config --get commit.template [32ms]
[2022-08-24T10:53:31.904Z] > git status -z -uall [89ms]
[2022-08-24T10:53:31.913Z] > git symbolic-ref --short HEAD [2ms]
[2022-08-24T10:53:31.922Z] > git for-each-ref --format=%(refname)%00%(upstream:short)%00%(objectname)%00%(upstream:track)%00%(upstream:remotename)%00%(upstream:remoteref) refs/heads/main refs/remotes/main [1ms]
[2022-08-24T10:53:31.939Z] > git remote --verbose [2ms]
[2022-08-24T10:53:31.940Z] > git for-each-ref --sort -committerdate --format %(refname) %(objectname) %(*objectname) [9ms]
[2022-08-24T10:53:32.051Z] > git config --get commit.template [14ms]
[2022-08-24T10:53:37.343Z] > git status -z -uall [284ms]
[2022-08-24T10:53:37.368Z] > git symbolic-ref --short HEAD [4ms]
[2022-08-24T10:53:37.401Z] > git for-each-ref --format=%(refname)%00%(upstream:short)%00%(objectname)%00%(upstream:track)%00%(upstream:remotename)%00%(upstream:remoteref) refs/heads/main refs/remotes/main [5ms]
[2022-08-24T10:53:37.442Z] > git remote --verbose [5ms]
[2022-08-24T10:53:37.444Z] > git for-each-ref --sort -committerdate --format %(refname) %(objectname) %(*objectname) [23ms]
[2022-08-24T10:53:41.654Z] > git config --get commit.template [23ms]
[2022-08-24T10:53:46.831Z] > git status -z -uall [148ms]
[2022-08-24T10:53:46.847Z] > git symbolic-ref --short HEAD [3ms]
[2022-08-24T10:53:46.863Z] > git for-each-ref --format=%(refname)%00%(upstream:short)%00%(objectname)%00%(upstream:track)%00%(upstream:remotename)%00%(upstream:remoteref) refs/heads/main refs/remotes/main [3ms]
[2022-08-24T10:53:46.887Z] > git for-each-ref --sort -committerdate --format %(refname) %(objectname) %(*objectname) [13ms]
[2022-08-24T10:53:46.888Z] > git remote --verbose [3ms]
[2022-08-24T10:53:51.012Z] > git config --get commit.template [24ms]
[2022-08-24T10:54:03.690Z] > git status -z -uall [122ms]
[2022-08-24T10:54:03.705Z] > git symbolic-ref --short HEAD [2ms]
[2022-08-24T10:54:03.717Z] > git for-each-ref --format=%(refname)%00%(upstream:short)%00%(objectname)%00%(upstream:track)%00%(upstream:remotename)%00%(upstream:remoteref) refs/heads/main refs/remotes/main [2ms]
[2022-08-24T10:54:03.740Z] > git for-each-ref --sort -committerdate --format %(refname) %(objectname) %(*objectname) [13ms]
[2022-08-24T10:54:03.741Z] > git remote --verbose [3ms]
[2022-08-24T10:54:07.895Z] > git config --get commit.template [46ms]
[2022-08-24T10:54:13.022Z] > git status -z -uall [117ms]
[2022-08-24T10:54:13.033Z] > git symbolic-ref --short HEAD [2ms]
[2022-08-24T10:54:13.046Z] > git for-each-ref --format=%(refname)%00%(upstream:short)%00%(objectname)%00%(upstream:track)%00%(upstream:remotename)%00%(upstream:remoteref) refs/heads/main refs/remotes/main [2ms]
[2022-08-24T10:54:13.066Z] > git remote --verbose [2ms]
[2022-08-24T10:54:13.067Z] > git for-each-ref --sort -committerdate --format %(refname) %(objectname) %(*objectname) [12ms]
[2022-08-24T10:54:17.083Z] > git config --get commit.template [22ms]
[2022-08-24T10:54:22.205Z] > git status -z -uall [98ms]
[2022-08-24T10:54:22.215Z] > git symbolic-ref --short HEAD [1ms]
[2022-08-24T10:54:22.225Z] > git for-each-ref --format=%(refname)%00%(upstream:short)%00%(objectname)%00%(upstream:track)%00%(upstream:remotename)%00%(upstream:remoteref) refs/heads/main refs/remotes/main [2ms]
[2022-08-24T10:54:22.241Z] > git for-each-ref --sort -committerdate --format %(refname) %(objectname) %(*objectname) [8ms]
[2022-08-24T10:54:22.242Z] > git remote --verbose [2ms]
[2022-08-24T10:54:22.352Z] > git config --get commit.template [11ms]
[2022-08-24T10:54:27.702Z] > git status -z -uall [92ms]
[2022-08-24T10:54:27.713Z] > git symbolic-ref --short HEAD [1ms]
[2022-08-24T10:54:27.725Z] > git for-each-ref --format=%(refname)%00%(upstream:short)%00%(objectname)%00%(upstream:track)%00%(upstream:remotename)%00%(upstream:remoteref) refs/heads/main refs/remotes/main [2ms]
[2022-08-24T10:54:27.744Z] > git remote --verbose [2ms]
[2022-08-24T10:54:27.744Z] > git for-each-ref --sort -committerdate --format %(refname) %(objectname) %(*objectname) [11ms]
[2022-08-24T10:54:27.855Z] > git config --get commit.template [19ms]
[2022-08-24T10:56:24.374Z] > git status -z -uall [162ms]
[2022-08-24T10:56:24.382Z] > git symbolic-ref --short HEAD [2ms]
[2022-08-24T10:56:24.390Z] > git for-each-ref --format=%(refname)%00%(upstream:short)%00%(objectname)%00%(upstream:track)%00%(upstream:remotename)%00%(upstream:remoteref) refs/heads/main refs/remotes/main [1ms]
[2022-08-24T10:56:24.406Z] > git remote --verbose [4ms]
[2022-08-24T10:56:24.406Z] > git for-each-ref --sort -committerdate --format %(refname) %(objectname) %(*objectname) [10ms]
[2022-08-24T10:56:29.059Z] > git config --get commit.template [44ms]
[2022-08-24T10:56:48.184Z] > git status -z -uall [497ms]
[2022-08-24T10:56:48.193Z] > git symbolic-ref --short HEAD [2ms]
[2022-08-24T10:56:48.204Z] > git for-each-ref --format=%(refname)%00%(upstream:short)%00%(objectname)%00%(upstream:track)%00%(upstream:remotename)%00%(upstream:remoteref) refs/heads/main refs/remotes/main [4ms]
[2022-08-24T10:56:48.219Z] > git remote --verbose [2ms]
[2022-08-24T10:56:48.219Z] > git for-each-ref --sort -committerdate --format %(refname) %(objectname) %(*objectname) [8ms]
[2022-08-24T10:56:52.810Z] > git config --get commit.template [22ms]
[2022-08-24T10:56:57.937Z] > git status -z -uall [92ms]
[2022-08-24T10:56:57.949Z] > git symbolic-ref --short HEAD [3ms]
[2022-08-24T10:56:57.958Z] > git for-each-ref --format=%(refname)%00%(upstream:short)%00%(objectname)%00%(upstream:track)%00%(upstream:remotename)%00%(upstream:remoteref) refs/heads/main refs/remotes/main [1ms]
[2022-08-24T10:56:57.975Z] > git remote --verbose [1ms]
[2022-08-24T10:56:57.976Z] > git for-each-ref --sort -committerdate --format %(refname) %(objectname) %(*objectname) [9ms]
[2022-08-24T10:57:01.728Z] > git config --get commit.template [3625ms]
[2022-08-24T10:57:06.986Z] > git status -z -uall [241ms]
[2022-08-24T10:57:07.003Z] > git symbolic-ref --short HEAD [5ms]
[2022-08-24T10:57:07.017Z] > git for-each-ref --format=%(refname)%00%(upstream:short)%00%(objectname)%00%(upstream:track)%00%(upstream:remotename)%00%(upstream:remoteref) refs/heads/main refs/remotes/main [3ms]
[2022-08-24T10:57:07.042Z] > git for-each-ref --sort -committerdate --format %(refname) %(objectname) %(*objectname) [14ms]
[2022-08-24T10:57:07.043Z] > git remote --verbose [3ms]
[2022-08-24T10:57:11.508Z] > git config --get commit.template [46ms]
[2022-08-24T10:57:16.804Z] > git status -z -uall [276ms]
[2022-08-24T10:57:16.836Z] > git symbolic-ref --short HEAD [11ms]
[2022-08-24T10:57:16.872Z] > git for-each-ref --format=%(refname)%00%(upstream:short)%00%(objectname)%00%(upstream:track)%00%(upstream:remotename)%00%(upstream:remoteref) refs/heads/main refs/remotes/main [16ms]
[2022-08-24T10:57:16.941Z] > git for-each-ref --sort -committerdate --format %(refname) %(objectname) %(*objectname) [31ms]
[2022-08-24T10:57:16.943Z] > git remote --verbose [6ms]
[2022-08-24T10:57:21.100Z] > git config --get commit.template [37ms]
[2022-08-24T10:57:26.290Z] > git status -z -uall [164ms]
[2022-08-24T10:57:26.305Z] > git symbolic-ref --short HEAD [3ms]
[2022-08-24T10:57:26.323Z] > git for-each-ref --format=%(refname)%00%(upstream:short)%00%(objectname)%00%(upstream:track)%00%(upstream:remotename)%00%(upstream:remoteref) refs/heads/main refs/remotes/main [2ms]
[2022-08-24T10:57:26.353Z] > git for-each-ref --sort -committerdate --format %(refname) %(objectname) %(*objectname) [17ms]
[2022-08-24T10:57:26.355Z] > git remote --verbose [5ms]
[2022-08-24T10:57:30.710Z] > git config --get commit.template [28ms]
[2022-08-24T10:57:35.843Z] > git status -z -uall [121ms]
[2022-08-24T10:57:35.855Z] > git symbolic-ref --short HEAD [2ms]
[2022-08-24T10:57:35.868Z] > git for-each-ref --format=%(refname)%00%(upstream:short)%00%(objectname)%00%(upstream:track)%00%(upstream:remotename)%00%(upstream:remoteref) refs/heads/main refs/remotes/main [2ms]
[2022-08-24T10:57:35.889Z] > git for-each-ref --sort -committerdate --format %(refname) %(objectname) %(*objectname) [11ms]
[2022-08-24T10:57:35.890Z] > git remote --verbose [3ms]
[2022-08-24T10:57:40.074Z] > git config --get commit.template [25ms]
[2022-08-24T10:57:45.187Z] > git status -z -uall [94ms]
[2022-08-24T10:57:45.197Z] > git symbolic-ref --short HEAD [2ms]
[2022-08-24T10:57:45.210Z] > git for-each-ref --format=%(refname)%00%(upstream:short)%00%(objectname)%00%(upstream:track)%00%(upstream:remotename)%00%(upstream:remoteref) refs/heads/main refs/remotes/main [2ms]
[2022-08-24T10:57:45.231Z] > git for-each-ref --sort -committerdate --format %(refname) %(objectname) %(*objectname) [10ms]
[2022-08-24T10:57:45.231Z] > git remote --verbose [2ms]
[2022-08-24T10:57:49.488Z] > git config --get commit.template [4151ms]
[2022-08-24T10:57:54.603Z] > git status -z -uall [91ms]
[2022-08-24T10:57:54.614Z] > git symbolic-ref --short HEAD [1ms]
[2022-08-24T10:57:54.625Z] > git for-each-ref --format=%(refname)%00%(upstream:short)%00%(objectname)%00%(upstream:track)%00%(upstream:remotename)%00%(upstream:remoteref) refs/heads/main refs/remotes/main [1ms]
[2022-08-24T10:57:54.645Z] > git for-each-ref --sort -committerdate --format %(refname) %(objectname) %(*objectname) [10ms]
[2022-08-24T10:57:54.645Z] > git remote --verbose [2ms]
[2022-08-24T10:57:54.750Z] > git config --get commit.template [10ms]
[2022-08-24T10:58:00.314Z] > git status -z -uall [537ms]
[2022-08-24T10:58:00.349Z] > git symbolic-ref --short HEAD [6ms]
[2022-08-24T10:58:00.390Z] > git for-each-ref --format=%(refname)%00%(upstream:short)%00%(objectname)%00%(upstream:track)%00%(upstream:remotename)%00%(upstream:remoteref) refs/heads/main refs/remotes/main [9ms]
[2022-08-24T10:58:00.440Z] > git for-each-ref --sort -committerdate --format %(refname) %(objectname) %(*objectname) [27ms]
[2022-08-24T10:58:00.452Z] > git remote --verbose [18ms]
[2022-08-24T10:58:05.303Z] > git config --get commit.template [21ms]
[2022-08-24T10:59:59.664Z] > git status -z -uall [491ms]
[2022-08-24T10:59:59.674Z] > git symbolic-ref --short HEAD [4ms]
[2022-08-24T10:59:59.681Z] > git for-each-ref --format=%(refname)%00%(upstream:short)%00%(objectname)%00%(upstream:track)%00%(upstream:remotename)%00%(upstream:remoteref) refs/heads/main refs/remotes/main [2ms]
[2022-08-24T10:59:59.694Z] > git for-each-ref --sort -committerdate --format %(refname) %(objectname) %(*objectname) [7ms]
[2022-08-24T10:59:59.694Z] > git remote --verbose [1ms]
[2022-08-24T11:00:03.938Z] > git config --get commit.template [4106ms]
[2022-08-24T11:00:39.960Z] > git status -z -uall [161ms]
[2022-08-24T11:00:39.967Z] > git symbolic-ref --short HEAD [1ms]
[2022-08-24T11:00:39.977Z] > git for-each-ref --format=%(refname)%00%(upstream:short)%00%(objectname)%00%(upstream:track)%00%(upstream:remotename)%00%(upstream:remoteref) refs/heads/main refs/remotes/main [2ms]
[2022-08-24T11:00:39.989Z] > git for-each-ref --sort -committerdate --format %(refname) %(objectname) %(*objectname) [7ms]
[2022-08-24T11:00:39.990Z] > git remote --verbose [2ms]
[2022-08-24T11:00:44.370Z] > git config --get commit.template [4235ms]
[2022-08-24T11:00:49.803Z] > git status -z -uall [408ms]
[2022-08-24T11:00:49.833Z] > git symbolic-ref --short HEAD [9ms]
[2022-08-24T11:00:49.868Z] > git for-each-ref --format=%(refname)%00%(upstream:short)%00%(objectname)%00%(upstream:track)%00%(upstream:remotename)%00%(upstream:remoteref) refs/heads/main refs/remotes/main [5ms]
[2022-08-24T11:00:49.920Z] > git for-each-ref --sort -committerdate --format %(refname) %(objectname) %(*objectname) [27ms]
[2022-08-24T11:00:49.923Z] > git remote --verbose [7ms]
[2022-08-24T11:00:54.165Z] > git config --get commit.template [31ms]
[2022-08-24T11:00:59.798Z] > git status -z -uall [597ms]
[2022-08-24T11:00:59.810Z] > git symbolic-ref --short HEAD [2ms]
[2022-08-24T11:00:59.821Z] > git for-each-ref --format=%(refname)%00%(upstream:short)%00%(objectname)%00%(upstream:track)%00%(upstream:remotename)%00%(upstream:remoteref) refs/heads/main refs/remotes/main [1ms]
[2022-08-24T11:00:59.838Z] > git for-each-ref --sort -committerdate --format %(refname) %(objectname) %(*objectname) [9ms]
[2022-08-24T11:00:59.839Z] > git remote --verbose [2ms]
[2022-08-24T11:00:59.963Z] > git config --get commit.template [7ms]
[2022-08-24T11:01:05.338Z] > git status -z -uall [106ms]
[2022-08-24T11:01:05.350Z] > git symbolic-ref --short HEAD [2ms]
[2022-08-24T11:01:05.363Z] > git for-each-ref --format=%(refname)%00%(upstream:short)%00%(objectname)%00%(upstream:track)%00%(upstream:remotename)%00%(upstream:remoteref) refs/heads/main refs/remotes/main [3ms]
[2022-08-24T11:01:05.382Z] > git remote --verbose [2ms]
[2022-08-24T11:01:05.382Z] > git for-each-ref --sort -committerdate --format %(refname) %(objectname) %(*objectname) [11ms]
[2022-08-24T11:01:05.498Z] > git config --get commit.template [16ms]
[2022-08-24T11:02:09.083Z] > git status -z -uall [180ms]
[2022-08-24T11:02:09.093Z] > git symbolic-ref --short HEAD [2ms]
[2022-08-24T11:02:09.108Z] > git for-each-ref --format=%(refname)%00%(upstream:short)%00%(objectname)%00%(upstream:track)%00%(upstream:remotename)%00%(upstream:remoteref) refs/heads/main refs/remotes/main [3ms]
[2022-08-24T11:02:09.128Z] > git remote --verbose [3ms]
[2022-08-24T11:02:09.129Z] > git for-each-ref --sort -committerdate --format %(refname) %(objectname) %(*objectname) [11ms]
[2022-08-24T11:02:13.867Z] > git config --get commit.template [30ms]
[2022-08-24T11:50:30.481Z] > git status -z -uall [703ms]
[2022-08-24T11:50:30.501Z] > git symbolic-ref --short HEAD [6ms]
[2022-08-24T11:50:30.518Z] > git for-each-ref --format=%(refname)%00%(upstream:short)%00%(objectname)%00%(upstream:track)%00%(upstream:remotename)%00%(upstream:remoteref) refs/heads/main refs/remotes/main [5ms]
[2022-08-24T11:50:30.550Z] > git for-each-ref --sort -committerdate --format %(refname) %(objectname) %(*objectname) [17ms]
[2022-08-24T11:50:30.556Z] > git remote --verbose [9ms]
[2022-08-24T11:50:38.897Z] > git config --get commit.template [35ms]
[2022-08-24T11:50:44.030Z] > git status -z -uall [109ms]
[2022-08-24T11:50:44.040Z] > git symbolic-ref --short HEAD [1ms]
[2022-08-24T11:50:44.050Z] > git for-each-ref --format=%(refname)%00%(upstream:short)%00%(objectname)%00%(upstream:track)%00%(upstream:remotename)%00%(upstream:remoteref) refs/heads/main refs/remotes/main [1ms]
[2022-08-24T11:50:44.066Z] > git remote --verbose [1ms]
[2022-08-24T11:50:44.067Z] > git for-each-ref --sort -committerdate --format %(refname) %(objectname) %(*objectname) [9ms]
[2022-08-24T11:50:48.296Z] > git config --get commit.template [4109ms]
[2022-08-24T11:50:53.422Z] > git status -z -uall [117ms]
[2022-08-24T11:50:53.435Z] > git symbolic-ref --short HEAD [2ms]
[2022-08-24T11:50:53.448Z] > git for-each-ref --format=%(refname)%00%(upstream:short)%00%(objectname)%00%(upstream:track)%00%(upstream:remotename)%00%(upstream:remoteref) refs/heads/main refs/remotes/main [3ms]
[2022-08-24T11:50:53.469Z] > git for-each-ref --sort -committerdate --format %(refname) %(objectname) %(*objectname) [10ms]
[2022-08-24T11:50:53.470Z] > git remote --verbose [3ms]
[2022-08-24T11:50:57.478Z] > git config --get commit.template [3881ms]
[2022-08-24T11:51:02.608Z] > git status -z -uall [120ms]
[2022-08-24T11:51:02.621Z] > git symbolic-ref --short HEAD [2ms]
[2022-08-24T11:51:02.632Z] > git for-each-ref --format=%(refname)%00%(upstream:short)%00%(objectname)%00%(upstream:track)%00%(upstream:remotename)%00%(upstream:remoteref) refs/heads/main refs/remotes/main [2ms]
[2022-08-24T11:51:02.651Z] > git remote --verbose [2ms]
[2022-08-24T11:51:02.651Z] > git for-each-ref --sort -committerdate --format %(refname) %(objectname) %(*objectname) [9ms]
[2022-08-24T11:51:07.161Z] > git config --get commit.template [4397ms]
[2022-08-24T11:51:07.612Z] > git check-ignore -v -z --stdin [2ms]
[2022-08-24T11:51:07.885Z] > git show --textconv :phase-1-array-filter-method-lab/index.js [204ms]
[2022-08-24T11:51:07.887Z] > git ls-files --stage -- /home/denno/phase-1-array-filter-method-lab/index.js [195ms]
[2022-08-24T11:51:12.328Z] > git status -z -uall [154ms]
[2022-08-24T11:51:12.343Z] > git symbolic-ref --short HEAD [2ms]
[2022-08-24T11:51:12.358Z] > git for-each-ref --format=%(refname)%00%(upstream:short)%00%(objectname)%00%(upstream:track)%00%(upstream:remotename)%00%(upstream:remoteref) refs/heads/main refs/remotes/main [2ms]
[2022-08-24T11:51:12.381Z] > git for-each-ref --sort -committerdate --format %(refname) %(objectname) %(*objectname) [12ms]
[2022-08-24T11:51:12.382Z] > git remote --verbose [3ms]
[2022-08-24T11:51:17.368Z] > git config --get commit.template [4845ms]
[2022-08-24T12:03:55.984Z] > git status -z -uall [311ms]
[2022-08-24T12:03:56.016Z] > git symbolic-ref --short HEAD [8ms]
[2022-08-24T12:03:56.038Z] > git for-each-ref --format=%(refname)%00%(upstream:short)%00%(objectname)%00%(upstream:track)%00%(upstream:remotename)%00%(upstream:remoteref) refs/heads/main refs/remotes/main [2ms]
[2022-08-24T12:03:56.071Z] > git for-each-ref --sort -committerdate --format %(refname) %(objectname) %(*objectname) [18ms]
[2022-08-24T12:03:56.072Z] > git remote --verbose [2ms]
[2022-08-24T12:03:56.270Z] > git config --get commit.template [6ms]
[2022-08-24T12:04:01.399Z] > git status -z -uall [107ms]
[2022-08-24T12:04:01.409Z] > git symbolic-ref --short HEAD [2ms]
[2022-08-24T12:04:01.420Z] > git for-each-ref --format=%(refname)%00%(upstream:short)%00%(objectname)%00%(upstream:track)%00%(upstream:remotename)%00%(upstream:remoteref) refs/heads/main refs/remotes/main [2ms]
[2022-08-24T12:04:01.435Z] > git for-each-ref --sort -committerdate --format %(refname) %(objectname) %(*objectname) [8ms]
[2022-08-24T12:04:01.436Z] > git remote --verbose [2ms]
[2022-08-24T12:04:01.545Z] > git config --get commit.template [11ms]
[2022-08-24T12:08:38.380Z] > git status -z -uall [210ms]
[2022-08-24T12:08:38.388Z] > git symbolic-ref --short HEAD [1ms]
[2022-08-24T12:08:38.396Z] > git for-each-ref --format=%(refname)%00%(upstream:short)%00%(objectname)%00%(upstream:track)%00%(upstream:remotename)%00%(upstream:remoteref) refs/heads/main refs/remotes/main [1ms]
[2022-08-24T12:08:38.411Z] > git for-each-ref --sort -committerdate --format %(refname) %(objectname) %(*objectname) [8ms]
[2022-08-24T12:08:38.411Z] > git remote --verbose [2ms]
[2022-08-24T12:08:38.533Z] > git config --get commit.template [6ms]
[2022-08-24T12:08:43.638Z] > git status -z -uall [90ms]
[2022-08-24T12:08:43.648Z] > git symbolic-ref --short HEAD [2ms]
[2022-08-24T12:08:43.659Z] > git for-each-ref --format=%(refname)%00%(upstream:short)%00%(objectname)%00%(upstream:track)%00%(upstream:remotename)%00%(upstream:remoteref) refs/heads/main refs/remotes/main [3ms]
[2022-08-24T12:08:43.674Z] > git for-each-ref --sort -committerdate --format %(refname) %(objectname) %(*objectname) [8ms]
[2022-08-24T12:08:43.675Z] > git remote --verbose [2ms]
[2022-08-24T12:08:43.782Z] > git config --get commit.template [12ms]
[2022-08-24T12:10:21.910Z] > git status -z -uall [179ms]
[2022-08-24T12:10:21.920Z] > git symbolic-ref --short HEAD [2ms]
[2022-08-24T12:10:21.932Z] > git for-each-ref --format=%(refname)%00%(upstream:short)%00%(objectname)%00%(upstream:track)%00%(upstream:remotename)%00%(upstream:remoteref) refs/heads/main refs/remotes/main [2ms]
[2022-08-24T12:10:21.959Z] > git for-each-ref --sort -committerdate --format %(refname) %(objectname) %(*objectname) [13ms]
[2022-08-24T12:10:21.960Z] > git remote --verbose [5ms]
[2022-08-24T12:10:27.112Z] > git config --get commit.template [92ms]
[2022-08-24T12:10:27.654Z] > git show --textconv :db.json [19ms]
[2022-08-24T12:10:27.656Z] > git ls-files --stage -- /home/denno/db.json [4ms]
[2022-08-24T12:10:32.246Z] > git status -z -uall [92ms]
[2022-08-24T12:10:32.256Z] > git symbolic-ref --short HEAD [2ms]
[2022-08-24T12:10:32.267Z] > git for-each-ref --format=%(refname)%00%(upstream:short)%00%(objectname)%00%(upstream:track)%00%(upstream:remotename)%00%(upstream:remoteref) refs/heads/main refs/remotes/main [2ms]
[2022-08-24T12:10:32.284Z] > git for-each-ref --sort -committerdate --format %(refname) %(objectname) %(*objectname) [9ms]
[2022-08-24T12:10:32.285Z] > git remote --verbose [3ms]
[2022-08-24T12:10:32.391Z] > git config --get commit.template [3ms]
[2022-08-24T12:10:38.207Z] > git status -z -uall [346ms]
[2022-08-24T12:10:38.238Z] > git symbolic-ref --short HEAD [5ms]
[2022-08-24T12:10:38.274Z] > git for-each-ref --format=%(refname)%00%(upstream:short)%00%(objectname)%00%(upstream:track)%00%(upstream:remotename)%00%(upstream:remoteref) refs/heads/main refs/remotes/main [11ms]
[2022-08-24T12:10:38.337Z] > git for-each-ref --sort -committerdate --format %(refname) %(objectname) %(*objectname) [30ms]
[2022-08-24T12:10:38.346Z] > git remote --verbose [14ms]
[2022-08-24T12:10:42.950Z] > git config --get commit.template [35ms]
[2022-08-24T12:10:55.693Z] > git status -z -uall [174ms]
[2022-08-24T12:10:55.710Z] > git symbolic-ref --short HEAD [3ms]
[2022-08-24T12:10:55.727Z] > git for-each-ref --format=%(refname)%00%(upstream:short)%00%(objectname)%00%(upstream:track)%00%(upstream:remotename)%00%(upstream:remoteref) refs/heads/main refs/remotes/main [4ms]
[2022-08-24T12:10:55.749Z] > git for-each-ref --sort -committerdate --format %(refname) %(objectname) %(*objectname) [11ms]
[2022-08-24T12:10:55.750Z] > git remote --verbose [2ms]
[2022-08-24T12:11:00.843Z] > git config --get commit.template [30ms]
[2022-08-24T12:11:06.009Z] > git status -z -uall [144ms]
[2022-08-24T12:11:06.019Z] > git symbolic-ref --short HEAD [2ms]
[2022-08-24T12:11:06.030Z] > git for-each-ref --format=%(refname)%00%(upstream:short)%00%(objectname)%00%(upstream:track)%00%(upstream:remotename)%00%(upstream:remoteref) refs/heads/main refs/remotes/main [3ms]
[2022-08-24T12:11:06.046Z] > git for-each-ref --sort -committerdate --format %(refname) %(objectname) %(*objectname) [9ms]
[2022-08-24T12:11:06.047Z] > git remote --verbose [2ms]
[2022-08-24T12:11:06.155Z] > git config --get commit.template [2ms]
[2022-08-24T12:11:11.497Z] > git status -z -uall [317ms]
[2022-08-24T12:11:11.515Z] > git symbolic-ref --short HEAD [2ms]
[2022-08-24T12:11:11.530Z] > git for-each-ref --format=%(refname)%00%(upstream:short)%00%(objectname)%00%(upstream:track)%00%(upstream:remotename)%00%(upstream:remoteref) refs/heads/main refs/remotes/main [3ms]
[2022-08-24T12:11:11.553Z] > git for-each-ref --sort -committerdate --format %(refname) %(objectname) %(*objectname) [13ms]
[2022-08-24T12:11:11.554Z] > git remote --verbose [3ms]
[2022-08-24T12:11:16.012Z] > git config --get commit.template [32ms]
[2022-08-24T12:11:21.510Z] > git status -z -uall [463ms]
[2022-08-24T12:11:21.537Z] > git symbolic-ref --short HEAD [6ms]
[2022-08-24T12:11:21.563Z] > git for-each-ref --format=%(refname)%00%(upstream:short)%00%(objectname)%00%(upstream:track)%00%(upstream:remotename)%00%(upstream:remoteref) refs/heads/main refs/remotes/main [4ms]
[2022-08-24T12:11:21.609Z] > git for-each-ref --sort -committerdate --format %(refname) %(objectname) %(*objectname) [25ms]
[2022-08-24T12:11:21.611Z] > git remote --verbose [6ms]
[2022-08-24T12:11:26.087Z] > git config --get commit.template [23ms]
[2022-08-24T12:11:43.022Z] > git status -z -uall [110ms]
[2022-08-24T12:11:43.033Z] > git symbolic-ref --short HEAD [2ms]
[2022-08-24T12:11:43.044Z] > git for-each-ref --format=%(refname)%00%(upstream:short)%00%(objectname)%00%(upstream:track)%00%(upstream:remotename)%00%(upstream:remoteref) refs/heads/main refs/remotes/main [2ms]
[2022-08-24T12:11:43.061Z] > git for-each-ref --sort -committerdate --format %(refname) %(objectname) %(*objectname) [9ms]
[2022-08-24T12:11:43.062Z] > git remote --verbose [2ms]
[2022-08-24T12:11:43.172Z] > git config --get commit.template [2ms]
[2022-08-24T12:11:48.552Z] > git status -z -uall [350ms]
[2022-08-24T12:11:48.570Z] > git symbolic-ref --short HEAD [5ms]
[2022-08-24T12:11:48.585Z] > git for-each-ref --format=%(refname)%00%(upstream:short)%00%(objectname)%00%(upstream:track)%00%(upstream:remotename)%00%(upstream:remoteref) refs/heads/main refs/remotes/main [2ms]
[2022-08-24T12:11:48.611Z] > git for-each-ref --sort -committerdate --format %(refname) %(objectname) %(*objectname) [14ms]
[2022-08-24T12:11:48.612Z] > git remote --verbose [2ms]
[2022-08-24T12:11:52.840Z] > git config --get commit.template [37ms]
[2022-08-24T12:11:57.966Z] > git status -z -uall [105ms]
[2022-08-24T12:11:57.977Z] > git symbolic-ref --short HEAD [2ms]
[2022-08-24T12:11:57.989Z] > git for-each-ref --format=%(refname)%00%(upstream:short)%00%(objectname)%00%(upstream:track)%00%(upstream:remotename)%00%(upstream:remoteref) refs/heads/main refs/remotes/main [2ms]
[2022-08-24T12:11:58.011Z] > git for-each-ref --sort -committerdate --format %(refname) %(objectname) %(*objectname) [11ms]
[2022-08-24T12:11:58.012Z] > git remote --verbose [2ms]
[2022-08-24T12:12:02.566Z] > git config --get commit.template [4432ms]
[2022-08-24T12:12:24.755Z] > git status -z -uall [241ms]
[2022-08-24T12:12:24.774Z] > git symbolic-ref --short HEAD [4ms]
[2022-08-24T12:12:24.794Z] > git for-each-ref --format=%(refname)%00%(upstream:short)%00%(objectname)%00%(upstream:track)%00%(upstream:remotename)%00%(upstream:remoteref) refs/heads/main refs/remotes/main [7ms]
[2022-08-24T12:12:24.832Z] > git for-each-ref --sort -committerdate --format %(refname) %(objectname) %(*objectname) [19ms]
[2022-08-24T12:12:24.836Z] > git remote --verbose [10ms]
[2022-08-24T12:12:29.080Z] > git config --get commit.template [43ms]
[2022-08-24T12:12:34.728Z] > git status -z -uall [585ms]
[2022-08-24T12:12:34.757Z] > git symbolic-ref --short HEAD [5ms]
[2022-08-24T12:12:34.791Z] > git for-each-ref --format=%(refname)%00%(upstream:short)%00%(objectname)%00%(upstream:track)%00%(upstream:remotename)%00%(upstream:remoteref) refs/heads/main refs/remotes/main [5ms]
[2022-08-24T12:12:34.840Z] > git for-each-ref --sort -committerdate --format %(refname) %(objectname) %(*objectname) [25ms]
[2022-08-24T12:12:34.842Z] > git remote --verbose [5ms]
[2022-08-24T12:12:39.489Z] > git config --get commit.template [37ms]
[2022-08-24T12:13:03.446Z] > git status -z -uall [181ms]
[2022-08-24T12:13:03.475Z] > git symbolic-ref --short HEAD [7ms]
[2022-08-24T12:13:03.499Z] > git for-each-ref --format=%(refname)%00%(upstream:short)%00%(objectname)%00%(upstream:track)%00%(upstream:remotename)%00%(upstream:remoteref) refs/heads/main refs/remotes/main [9ms]
[2022-08-24T12:13:03.531Z] > git for-each-ref --sort -committerdate --format %(refname) %(objectname) %(*objectname) [17ms]
[2022-08-24T12:13:03.533Z] > git remote --verbose [4ms]
[2022-08-24T12:13:08.453Z] > git config --get commit.template [33ms]
[2022-08-24T12:13:13.781Z] > git status -z -uall [306ms]
[2022-08-24T12:13:13.815Z] > git symbolic-ref --short HEAD [9ms]
[2022-08-24T12:13:13.844Z] > git for-each-ref --format=%(refname)%00%(upstream:short)%00%(objectname)%00%(upstream:track)%00%(upstream:remotename)%00%(upstream:remoteref) refs/heads/main refs/remotes/main [8ms]
[2022-08-24T12:13:13.884Z] > git for-each-ref --sort -committerdate --format %(refname) %(objectname) %(*objectname) [22ms]
[2022-08-24T12:13:13.887Z] > git remote --verbose [7ms]
[2022-08-24T12:13:19.089Z] > git config --get commit.template [44ms]
[2022-08-24T12:13:24.203Z] > git status -z -uall [94ms]
[2022-08-24T12:13:24.214Z] > git symbolic-ref --short HEAD [2ms]
[2022-08-24T12:13:24.224Z] > git for-each-ref --format=%(refname)%00%(upstream:short)%00%(objectname)%00%(upstream:track)%00%(upstream:remotename)%00%(upstream:remoteref) refs/heads/main refs/remotes/main [1ms]
[2022-08-24T12:13:24.244Z] > git for-each-ref --sort -committerdate --format %(refname) %(objectname) %(*objectname) [11ms]
[2022-08-24T12:13:24.245Z] > git remote --verbose [2ms]
[2022-08-24T12:13:28.118Z] > git config --get commit.template [3735ms]
[2022-08-24T12:13:33.337Z] > git status -z -uall [189ms]
[2022-08-24T12:13:33.355Z] > git symbolic-ref --short HEAD [2ms]
[2022-08-24T12:13:33.374Z] > git for-each-ref --format=%(refname)%00%(upstream:short)%00%(objectname)%00%(upstream:track)%00%(upstream:remotename)%00%(upstream:remoteref) refs/heads/main refs/remotes/main [2ms]
[2022-08-24T12:13:33.408Z] > git for-each-ref --sort -committerdate --format %(refname) %(objectname) %(*objectname) [20ms]
[2022-08-24T12:13:33.409Z] > git remote --verbose [3ms]
[2022-08-24T12:13:38.051Z] > git config --get commit.template [30ms]
[2022-08-24T12:13:43.454Z] > git status -z -uall [368ms]
[2022-08-24T12:13:43.474Z] > git symbolic-ref --short HEAD [4ms]
[2022-08-24T12:13:43.496Z] > git for-each-ref --format=%(refname)%00%(upstream:short)%00%(objectname)%00%(upstream:track)%00%(upstream:remotename)%00%(upstream:remoteref) refs/heads/main refs/remotes/main [4ms]
[2022-08-24T12:13:43.525Z] > git for-each-ref --sort -committerdate --format %(refname) %(objectname) %(*objectname) [15ms]
[2022-08-24T12:13:43.527Z] > git remote --verbose [4ms]
[2022-08-24T12:13:47.842Z] > git config --get commit.template [18ms]
[2022-08-24T12:13:53.003Z] > git status -z -uall [125ms]
[2022-08-24T12:13:53.016Z] > git symbolic-ref --short HEAD [3ms]
[2022-08-24T12:13:53.033Z] > git for-each-ref --format=%(refname)%00%(upstream:short)%00%(objectname)%00%(upstream:track)%00%(upstream:remotename)%00%(upstream:remoteref) refs/heads/main refs/remotes/main [7ms]
[2022-08-24T12:13:53.056Z] > git remote --verbose [3ms]
[2022-08-24T12:13:53.057Z] > git for-each-ref --sort -committerdate --format %(refname) %(objectname) %(*objectname) [13ms]
[2022-08-24T12:13:53.239Z] > git config --get commit.template [7ms]
[2022-08-24T12:13:58.867Z] > git status -z -uall [108ms]
[2022-08-24T12:13:58.882Z] > git symbolic-ref --short HEAD [4ms]
[2022-08-24T12:13:58.895Z] > git for-each-ref --format=%(refname)%00%(upstream:short)%00%(objectname)%00%(upstream:track)%00%(upstream:remotename)%00%(upstream:remoteref) refs/heads/main refs/remotes/main [2ms]
[2022-08-24T12:13:58.914Z] > git for-each-ref --sort -committerdate --format %(refname) %(objectname) %(*objectname) [10ms]
[2022-08-24T12:13:58.915Z] > git remote --verbose [2ms]
[2022-08-24T12:13:59.040Z] > git config --get commit.template [14ms]
[2022-08-24T12:14:04.527Z] > git status -z -uall [394ms]
[2022-08-24T12:14:04.554Z] > git symbolic-ref --short HEAD [5ms]
[2022-08-24T12:14:04.584Z] > git for-each-ref --format=%(refname)%00%(upstream:short)%00%(objectname)%00%(upstream:track)%00%(upstream:remotename)%00%(upstream:remoteref) refs/heads/main refs/remotes/main [5ms]
[2022-08-24T12:14:04.626Z] > git for-each-ref --sort -committerdate --format %(refname) %(objectname) %(*objectname) [22ms]
[2022-08-24T12:14:04.627Z] > git remote --verbose [4ms]
[2022-08-24T12:14:09.038Z] > git config --get commit.template [34ms]
[2022-08-24T12:14:14.705Z] > git status -z -uall [636ms]
[2022-08-24T12:14:14.771Z] > git symbolic-ref --short HEAD [38ms]
[2022-08-24T12:14:14.854Z] > git for-each-ref --format=%(refname)%00%(upstream:short)%00%(objectname)%00%(upstream:track)%00%(upstream:remotename)%00%(upstream:remoteref) refs/heads/main refs/remotes/main [47ms]
[2022-08-24T12:14:15.004Z] > git remote --verbose [57ms]
[2022-08-24T12:14:15.012Z] > git for-each-ref --sort -committerdate --format %(refname) %(objectname) %(*objectname) [123ms]
[2022-08-24T12:14:20.329Z] > git config --get commit.template [34ms]
[2022-08-24T12:14:25.449Z] > git status -z -uall [92ms]
[2022-08-24T12:14:25.459Z] > git symbolic-ref --short HEAD [2ms]
[2022-08-24T12:14:25.469Z] > git for-each-ref --format=%(refname)%00%(upstream:short)%00%(objectname)%00%(upstream:track)%00%(upstream:remotename)%00%(upstream:remoteref) refs/heads/main refs/remotes/main [1ms]
[2022-08-24T12:14:25.489Z] > git for-each-ref --sort -committerdate --format %(refname) %(objectname) %(*objectname) [10ms]
[2022-08-24T12:14:25.489Z] > git remote --verbose [2ms]
[2022-08-24T12:14:25.600Z] > git config --get commit.template [6ms]
[2022-08-24T12:14:30.999Z] > git status -z -uall [374ms]
[2022-08-24T12:14:31.026Z] > git symbolic-ref --short HEAD [4ms]
[2022-08-24T12:14:31.054Z] > git for-each-ref --format=%(refname)%00%(upstream:short)%00%(objectname)%00%(upstream:track)%00%(upstream:remotename)%00%(upstream:remoteref) refs/heads/main refs/remotes/main [4ms]
[2022-08-24T12:14:31.104Z] > git for-each-ref --sort -committerdate --format %(refname) %(objectname) %(*objectname) [29ms]
[2022-08-24T12:14:31.106Z] > git remote --verbose [6ms]
[2022-08-24T12:14:36.346Z] > git config --get commit.template [21ms]
[2022-08-24T12:15:01.819Z] > git status -z -uall [283ms]
[2022-08-24T12:15:01.842Z] > git symbolic-ref --short HEAD [8ms]
[2022-08-24T12:15:01.858Z] > git for-each-ref --format=%(refname)%00%(upstream:short)%00%(objectname)%00%(upstream:track)%00%(upstream:remotename)%00%(upstream:remoteref) refs/heads/main refs/remotes/main [5ms]
[2022-08-24T12:15:01.894Z] > git for-each-ref --sort -committerdate --format %(refname) %(objectname) %(*objectname) [24ms]
[2022-08-24T12:15:01.897Z] > git remote --verbose [8ms]
[2022-08-24T12:15:06.987Z] > git config --get commit.template [47ms]
[2022-08-24T12:15:12.117Z] > git status -z -uall [90ms]
[2022-08-24T12:15:12.128Z] > git symbolic-ref --short HEAD [2ms]
[2022-08-24T12:15:12.138Z] > git for-each-ref --format=%(refname)%00%(upstream:short)%00%(objectname)%00%(upstream:track)%00%(upstream:remotename)%00%(upstream:remoteref) refs/heads/main refs/remotes/main [2ms]
[2022-08-24T12:15:12.156Z] > git for-each-ref --sort -committerdate --format %(refname) %(objectname) %(*objectname) [10ms]
[2022-08-24T12:15:12.156Z] > git remote --verbose [2ms]
[2022-08-24T12:15:16.861Z] > git config --get commit.template [4578ms]
[2022-08-24T12:15:22.211Z] > git status -z -uall [323ms]
[2022-08-24T12:15:22.250Z] > git symbolic-ref --short HEAD [13ms]
[2022-08-24T12:15:22.285Z] > git for-each-ref --format=%(refname)%00%(upstream:short)%00%(objectname)%00%(upstream:track)%00%(upstream:remotename)%00%(upstream:remoteref) refs/heads/main refs/remotes/main [9ms]
[2022-08-24T12:15:22.351Z] > git for-each-ref --sort -committerdate --format %(refname) %(objectname) %(*objectname) [36ms]
[2022-08-24T12:15:22.354Z] > git remote --verbose [9ms]
[2022-08-24T12:15:26.834Z] > git config --get commit.template [18ms]
[2022-08-24T12:15:32.255Z] > git status -z -uall [381ms]
[2022-08-24T12:15:32.289Z] > git symbolic-ref --short HEAD [5ms]
[2022-08-24T12:15:32.316Z] > git for-each-ref --format=%(refname)%00%(upstream:short)%00%(objectname)%00%(upstream:track)%00%(upstream:remotename)%00%(upstream:remoteref) refs/heads/main refs/remotes/main [4ms]
[2022-08-24T12:15:32.359Z] > git for-each-ref --sort -committerdate --format %(refname) %(objectname) %(*objectname) [23ms]
[2022-08-24T12:15:32.360Z] > git remote --verbose [4ms]
[2022-08-24T12:15:36.807Z] > git config --get commit.template [30ms]
[2022-08-24T12:15:41.914Z] > git status -z -uall [90ms]
[2022-08-24T12:15:41.926Z] > git symbolic-ref --short HEAD [2ms]
[2022-08-24T12:15:41.938Z] > git for-each-ref --format=%(refname)%00%(upstream:short)%00%(objectname)%00%(upstream:track)%00%(upstream:remotename)%00%(upstream:remoteref) refs/heads/main refs/remotes/main [1ms]
[2022-08-24T12:15:41.959Z] > git for-each-ref --sort -committerdate --format %(refname) %(objectname) %(*objectname) [11ms]
[2022-08-24T12:15:41.960Z] > git remote --verbose [2ms]
[2022-08-24T12:15:42.073Z] > git config --get commit.template [8ms]
[2022-08-24T12:15:47.393Z] > git status -z -uall [292ms]
[2022-08-24T12:15:47.420Z] > git symbolic-ref --short HEAD [7ms]
[2022-08-24T12:15:47.443Z] > git for-each-ref --format=%(refname)%00%(upstream:short)%00%(objectname)%00%(upstream:track)%00%(upstream:remotename)%00%(upstream:remoteref) refs/heads/main refs/remotes/main [3ms]
[2022-08-24T12:15:47.479Z] > git for-each-ref --sort -committerdate --format %(refname) %(objectname) %(*objectname) [19ms]
[2022-08-24T12:15:47.481Z] > git remote --verbose [4ms]
[2022-08-24T12:15:52.746Z] > git config --get commit.template [5003ms]
[2022-08-24T12:15:57.956Z] > git status -z -uall [185ms]
[2022-08-24T12:15:57.973Z] > git symbolic-ref --short HEAD [3ms]
[2022-08-24T12:15:57.992Z] > git for-each-ref --format=%(refname)%00%(upstream:short)%00%(objectname)%00%(upstream:track)%00%(upstream:remotename)%00%(upstream:remoteref) refs/heads/main refs/remotes/main [3ms]
[2022-08-24T12:15:58.020Z] > git for-each-ref --sort -committerdate --format %(refname) %(objectname) %(*objectname) [15ms]
[2022-08-24T12:15:58.021Z] > git remote --verbose [3ms]
[2022-08-24T12:16:03.086Z] > git config --get commit.template [39ms]
[2022-08-24T12:16:08.369Z] > git status -z -uall [260ms]
[2022-08-24T12:16:08.401Z] > git symbolic-ref --short HEAD [8ms]
[2022-08-24T12:16:08.432Z] > git for-each-ref --format=%(refname)%00%(upstream:short)%00%(objectname)%00%(upstream:track)%00%(upstream:remotename)%00%(upstream:remoteref) refs/heads/main refs/remotes/main [6ms]
[2022-08-24T12:16:08.490Z] > git for-each-ref --sort -committerdate --format %(refname) %(objectname) %(*objectname) [31ms]
[2022-08-24T12:16:08.491Z] > git remote --verbose [5ms]
[2022-08-24T12:16:13.152Z] > git config --get commit.template [27ms]
[2022-08-24T12:16:18.266Z] > git status -z -uall [90ms]
[2022-08-24T12:16:18.277Z] > git symbolic-ref --short HEAD [2ms]
[2022-08-24T12:16:18.287Z] > git for-each-ref --format=%(refname)%00%(upstream:short)%00%(objectname)%00%(upstream:track)%00%(upstream:remotename)%00%(upstream:remoteref) refs/heads/main refs/remotes/main [1ms]
[2022-08-24T12:16:18.306Z] > git for-each-ref --sort -committerdate --format %(refname) %(objectname) %(*objectname) [10ms]
[2022-08-24T12:16:18.306Z] > git remote --verbose [2ms]
[2022-08-24T12:16:18.415Z] > git config --get commit.template [2ms]
[2022-08-24T12:16:23.531Z] > git status -z -uall [94ms]
[2022-08-24T12:16:23.543Z] > git symbolic-ref --short HEAD [2ms]
[2022-08-24T12:16:23.555Z] > git for-each-ref --format=%(refname)%00%(upstream:short)%00%(objectname)%00%(upstream:track)%00%(upstream:remotename)%00%(upstream:remoteref) refs/heads/main refs/remotes/main [1ms]
[2022-08-24T12:16:23.576Z] > git for-each-ref --sort -committerdate --format %(refname) %(objectname) %(*objectname) [11ms]
[2022-08-24T12:16:23.577Z] > git remote --verbose [2ms]
[2022-08-24T12:16:23.689Z] > git config --get commit.template [13ms]
[2022-08-24T12:16:28.804Z] > git status -z -uall [91ms]
[2022-08-24T12:16:28.815Z] > git symbolic-ref --short HEAD [2ms]
[2022-08-24T12:16:28.827Z] > git for-each-ref --format=%(refname)%00%(upstream:short)%00%(objectname)%00%(upstream:track)%00%(upstream:remotename)%00%(upstream:remoteref) refs/heads/main refs/remotes/main [1ms]
[2022-08-24T12:16:28.848Z] > git for-each-ref --sort -committerdate --format %(refname) %(objectname) %(*objectname) [11ms]
[2022-08-24T12:16:28.849Z] > git remote --verbose [2ms]
[2022-08-24T12:16:28.966Z] > git config --get commit.template [14ms]
[2022-08-24T12:16:34.632Z] > git status -z -uall [618ms]
[2022-08-24T12:16:34.681Z] > git symbolic-ref --short HEAD [6ms]
[2022-08-24T12:16:34.741Z] > git for-each-ref --format=%(refname)%00%(upstream:short)%00%(objectname)%00%(upstream:track)%00%(upstream:remotename)%00%(upstream:remoteref) refs/heads/main refs/remotes/main [14ms]
[2022-08-24T12:16:34.841Z] > git for-each-ref --sort -committerdate --format %(refname) %(objectname) %(*objectname) [45ms]
[2022-08-24T12:16:34.845Z] > git remote --verbose [12ms]
[2022-08-24T12:16:40.098Z] > git config --get commit.template [15ms]
[2022-08-24T12:16:45.393Z] > git status -z -uall [270ms]
[2022-08-24T12:16:45.411Z] > git symbolic-ref --short HEAD [3ms]
[2022-08-24T12:16:45.431Z] > git for-each-ref --format=%(refname)%00%(upstream:short)%00%(objectname)%00%(upstream:track)%00%(upstream:remotename)%00%(upstream:remoteref) refs/heads/main refs/remotes/main [2ms]
[2022-08-24T12:16:45.472Z] > git for-each-ref --sort -committerdate --format %(refname) %(objectname) %(*objectname) [23ms]
[2022-08-24T12:16:45.473Z] > git remote --verbose [3ms]
[2022-08-24T12:16:50.243Z] > git config --get commit.template [29ms]
[2022-08-24T12:16:55.367Z] > git status -z -uall [99ms]
[2022-08-24T12:16:55.389Z] > git symbolic-ref --short HEAD [4ms]
[2022-08-24T12:16:55.401Z] > git for-each-ref --format=%(refname)%00%(upstream:short)%00%(objectname)%00%(upstream:track)%00%(upstream:remotename)%00%(upstream:remoteref) refs/heads/main refs/remotes/main [2ms]
[2022-08-24T12:16:55.424Z] > git for-each-ref --sort -committerdate --format %(refname) %(objectname) %(*objectname) [13ms]
[2022-08-24T12:16:55.424Z] > git remote --verbose [2ms]
[2022-08-24T12:16:55.536Z] > git config --get commit.template [15ms]
[2022-08-24T12:17:00.661Z] > git status -z -uall [109ms]
[2022-08-24T12:17:00.674Z] > git symbolic-ref --short HEAD [2ms]
[2022-08-24T12:17:00.685Z] > git for-each-ref --format=%(refname)%00%(upstream:short)%00%(objectname)%00%(upstream:track)%00%(upstream:remotename)%00%(upstream:remoteref) refs/heads/main refs/remotes/main [2ms]
[2022-08-24T12:17:00.705Z] > git for-each-ref --sort -committerdate --format %(refname) %(objectname) %(*objectname) [11ms]
[2022-08-24T12:17:00.706Z] > git remote --verbose [2ms]
[2022-08-24T12:17:00.821Z] > git config --get commit.template [19ms]
[2022-08-24T12:17:05.946Z] > git status -z -uall [97ms]
[2022-08-24T12:17:05.959Z] > git symbolic-ref --short HEAD [2ms]
[2022-08-24T12:17:05.972Z] > git for-each-ref --format=%(refname)%00%(upstream:short)%00%(objectname)%00%(upstream:track)%00%(upstream:remotename)%00%(upstream:remoteref) refs/heads/main refs/remotes/main [2ms]
[2022-08-24T12:17:05.994Z] > git for-each-ref --sort -committerdate --format %(refname) %(objectname) %(*objectname) [11ms]
[2022-08-24T12:17:05.995Z] > git remote --verbose [2ms]
[2022-08-24T12:17:06.106Z] > git config --get commit.template [13ms]
