0 verbose cli /home/denno/.nvm/versions/node/v18.7.0/bin/node /home/denno/.nvm/versions/node/v18.7.0/bin/npm
1 info using npm@8.15.0
2 info using node@v18.7.0
3 timing npm:load:whichnode Completed in 1ms
4 timing config:load:defaults Completed in 4ms
5 timing config:load:file:/home/denno/.nvm/versions/node/v18.7.0/lib/node_modules/npm/npmrc Completed in 12ms
6 timing config:load:builtin Completed in 12ms
7 timing config:load:cli Completed in 12ms
8 timing config:load:env Completed in 1ms
9 timing config:load:file:/home/denno/.cache/typescript/4.7/.npmrc Completed in 0ms
10 timing config:load:project Completed in 31ms
11 timing config:load:file:/home/denno/.npmrc Completed in 0ms
12 timing config:load:user Completed in 1ms
13 timing config:load:file:/home/denno/.nvm/versions/node/v18.7.0/etc/npmrc Completed in 0ms
14 timing config:load:global Completed in 1ms
15 timing config:load:validate Completed in 0ms
16 timing config:load:credentials Completed in 2ms
17 timing config:load:setEnvs Completed in 2ms
18 timing config:load Completed in 67ms
19 timing npm:load:configload Completed in 67ms
20 timing npm:load:mkdirpcache Completed in 2ms
21 timing npm:load:mkdirplogs Completed in 1ms
22 verbose title npm install types-registry@latest
23 verbose argv "install" "--ignore-scripts" "types-registry@latest"
24 timing npm:load:setTitle Completed in 3ms
25 timing config:load:flatten Completed in 12ms
26 timing npm:load:display Completed in 15ms
27 verbose logfile logs-max:10 dir:/home/denno/.npm/_logs
28 verbose logfile /home/denno/.npm/_logs/2022-08-24T11_51_09_732Z-debug-0.log
29 timing npm:load:logFile Completed in 13ms
30 timing npm:load:timers Completed in 0ms
31 timing npm:load:configScope Completed in 0ms
32 timing npm:load Completed in 103ms
33 timing arborist:ctor Completed in 1ms
34 silly logfile start cleaning logs, removing 1 files
35 silly logfile done cleaning log files
36 timing idealTree:init Completed in 167ms
37 timing arborist:ctor Completed in 0ms
38 http fetch GET 200 https://registry.npmjs.org/types-registry 91625ms (cache revalidated)
39 timing idealTree:userRequests Completed in 91642ms
40 silly idealTree buildDeps
41 silly fetch manifest types-registry@0.1.606
42 silly placeDep ROOT types-registry@0.1.606 REPLACE for:  want: 0.1.606
43 timing idealTree:#root Completed in 8ms
44 timing idealTree:node_modules/types-registry Completed in 0ms
45 timing idealTree:buildDeps Completed in 10ms
46 timing idealTree:fixDepFlags Completed in 1ms
47 timing idealTree Completed in 91824ms
48 timing reify:loadTrees Completed in 91826ms
49 timing reify:diffTrees Completed in 5ms
50 silly reify moves {}
51 timing reify:retireShallow Completed in 2ms
52 timing reify:createSparse Completed in 0ms
53 timing reify:loadBundles Completed in 0ms
54 silly audit bulk request {
54 silly audit   '@babel/helper-string-parser': [ '7.18.10' ],
54 silly audit   '@babel/helper-validator-identifier': [ '7.18.6' ],
54 silly audit   '@babel/parser': [ '7.18.11' ],
54 silly audit   '@babel/types': [ '7.18.10' ],
54 silly audit   '@types/babel__code-frame': [ '7.0.3' ],
54 silly audit   '@types/babel__core': [ '7.1.19' ],
54 silly audit   '@types/babel__generator': [ '7.6.4' ],
54 silly audit   '@types/babel__preset-env': [ '7.9.2' ],
54 silly audit   '@types/babel__template': [ '7.4.1' ],
54 silly audit   '@types/babel__traverse': [ '7.17.1' ],
54 silly audit   '@types/babel-core': [ '6.25.7' ],
54 silly audit   '@types/babel-generator': [ '6.25.5' ],
54 silly audit   '@types/babel-template': [ '6.25.2' ],
54 silly audit   '@types/babel-traverse': [ '6.25.7' ],
54 silly audit   '@types/babel-types': [ '7.0.11' ],
54 silly audit   '@types/babylon': [ '6.16.6' ],
54 silly audit   '@types/chai': [ '4.3.3' ],
54 silly audit   '@types/chai-dom': [ '0.0.13' ],
54 silly audit   '@types/chai-spies': [ '1.0.3' ],
54 silly audit   '@types/define-properties': [ '1.1.3' ],
54 silly audit   '@types/gensync': [ '1.0.0' ],
54 silly audit   '@types/has': [ '1.0.0' ],
54 silly audit   '@types/jsdom': [ '20.0.0' ],
54 silly audit   '@types/mocha': [ '9.1.1' ],
54 silly audit   '@types/node': [ '18.6.3' ],
54 silly audit   '@types/object-inspect': [ '1.8.1' ],
54 silly audit   '@types/semver': [ '7.3.10' ],
54 silly audit   '@types/sinon': [ '10.0.13' ],
54 silly audit   '@types/sinonjs__fake-timers': [ '8.1.2' ],
54 silly audit   '@types/tough-cookie': [ '4.0.2' ],
54 silly audit   entities: [ '4.3.1' ],
54 silly audit   parse5: [ '7.0.0' ],
54 silly audit   'to-fast-properties': [ '2.0.0' ],
54 silly audit   'types-registry': [ '0.1.606' ]
54 silly audit }
55 timing reify:unpack Completed in 2ms
56 timing reify:unretire Completed in 0ms
57 timing build:queue Completed in 0ms
58 timing build:deps Completed in 1ms
59 timing build Completed in 1ms
60 timing reify:build Completed in 1ms
61 timing reify:trash Completed in 0ms
62 timing reify:save Completed in 47ms
63 http fetch POST 200 https://registry.npmjs.org/-/npm/v1/security/advisories/bulk 567ms
64 timing auditReport:getReport Completed in 573ms
65 silly audit report {}
66 timing auditReport:init Completed in 0ms
67 timing reify:audit Completed in 576ms
68 timing reify Completed in 92425ms
69 timing command:install Completed in 92443ms
70 verbose exit 0
71 timing npm Completed in 92751ms
72 info ok
