[2022-08-22T14:57:22.295Z] Log level: Info
[2022-08-22T14:57:22.343Z] [info] Validating found git in: git
[2022-08-22T14:57:22.597Z] [info] Using git 2.37.1 from git
[2022-08-22T14:57:22.742Z] > git rev-parse --show-toplevel [84ms]
[2022-08-22T14:57:22.787Z] > git rev-parse --git-dir --git-common-dir [16ms]
[2022-08-22T14:57:22.891Z] [info] Open repository: /home/denno/phase-1-domcontentloaded
[2022-08-22T14:57:25.055Z] > git status -z -uall [2071ms]
[2022-08-22T14:57:25.079Z] > git check-ignore -v -z --stdin [307ms]
[2022-08-22T14:57:25.134Z] > git symbolic-ref --short HEAD [64ms]
[2022-08-22T14:57:25.276Z] > git for-each-ref --format=%(refname)%00%(upstream:short)%00%(objectname)%00%(upstream:track)%00%(upstream:remotename)%00%(upstream:remoteref) refs/heads/master refs/remotes/master [123ms]
[2022-08-22T14:57:25.332Z] > git remote --verbose [13ms]
[2022-08-22T14:57:25.333Z] > git for-each-ref --sort -committerdate --format %(refname) %(objectname) %(*objectname) [39ms]
[2022-08-22T14:57:25.703Z] > git check-ignore -v -z --stdin [241ms]
[2022-08-22T14:57:25.704Z] > git show --textconv :test/indexTest.js [64ms]
[2022-08-22T14:57:25.716Z] > git config --get commit.template [214ms]
[2022-08-22T14:57:25.811Z] > git status -z -uall [40ms]
[2022-08-22T14:57:25.881Z] > git ls-files --stage -- /home/denno/phase-1-domcontentloaded/test/indexTest.js [180ms]
[2022-08-22T14:57:26.257Z] > git cat-file -s a012b5893569811170aa556412c52bd6c4655a02 [255ms]
[2022-08-22T14:57:26.258Z] > git symbolic-ref --short HEAD [378ms]
[2022-08-22T14:57:26.341Z] > git for-each-ref --format=%(refname)%00%(upstream:short)%00%(objectname)%00%(upstream:track)%00%(upstream:remotename)%00%(upstream:remoteref) refs/heads/master refs/remotes/master [57ms]
[2022-08-22T14:57:26.446Z] > git for-each-ref --sort -committerdate --format %(refname) %(objectname) %(*objectname) [65ms]
[2022-08-22T14:57:26.448Z] > git remote --verbose [45ms]
[2022-08-22T14:57:26.509Z] > git config --get commit.template [4ms]
[2022-08-22T14:57:28.440Z] > git show --textconv :index.js [24ms]
[2022-08-22T14:57:28.449Z] > git ls-files --stage -- /home/denno/phase-1-domcontentloaded/index.js [11ms]
[2022-08-22T14:57:28.465Z] > git cat-file -s 4b2f1489cc597466829314ff566dd6648fbad0a3 [5ms]
[2022-08-22T15:22:36.923Z] > git show --textconv :test/indexTest.js [12ms]
[2022-08-22T15:22:36.925Z] > git ls-files --stage -- /home/denno/phase-1-domcontentloaded/test/indexTest.js [5ms]
[2022-08-22T15:22:36.936Z] > git cat-file -s a012b5893569811170aa556412c52bd6c4655a02 [1ms]
[2022-08-22T15:22:58.270Z] > git show --textconv :index.js [7ms]
[2022-08-22T15:22:58.271Z] > git ls-files --stage -- /home/denno/phase-1-domcontentloaded/index.js [2ms]
[2022-08-22T15:22:58.284Z] > git cat-file -s 4b2f1489cc597466829314ff566dd6648fbad0a3 [5ms]
[2022-08-22T15:23:22.888Z] > git status -z -uall [4ms]
[2022-08-22T15:23:22.898Z] > git symbolic-ref --short HEAD [3ms]
[2022-08-22T15:23:22.910Z] > git for-each-ref --format=%(refname)%00%(upstream:short)%00%(objectname)%00%(upstream:track)%00%(upstream:remotename)%00%(upstream:remoteref) refs/heads/master refs/remotes/master [1ms]
[2022-08-22T15:23:22.926Z] > git remote --verbose [2ms]
[2022-08-22T15:23:22.927Z] > git for-each-ref --sort -committerdate --format %(refname) %(objectname) %(*objectname) [11ms]
[2022-08-22T15:23:22.946Z] > git config --get commit.template [2ms]
[2022-08-22T15:23:31.151Z] > git status -z -uall [2ms]
[2022-08-22T15:23:31.158Z] > git symbolic-ref --short HEAD [1ms]
[2022-08-22T15:23:31.166Z] > git for-each-ref --format=%(refname)%00%(upstream:short)%00%(objectname)%00%(upstream:track)%00%(upstream:remotename)%00%(upstream:remoteref) refs/heads/master refs/remotes/master [2ms]
[2022-08-22T15:23:31.177Z] > git for-each-ref --sort -committerdate --format %(refname) %(objectname) %(*objectname) [6ms]
[2022-08-22T15:23:31.177Z] > git remote --verbose [1ms]
[2022-08-22T15:23:31.188Z] > git config --get commit.template [2ms]
