[2022-08-22T19:39:48.155Z] Log level: Info
[2022-08-22T19:39:48.201Z] [info] Validating found git in: git
[2022-08-22T19:39:48.499Z] [info] Using git 2.37.1 from git
[2022-08-22T19:39:48.606Z] > git rev-parse --show-toplevel [53ms]
[2022-08-22T19:39:49.900Z] > git rev-parse --git-dir --git-common-dir [1233ms]
[2022-08-22T19:39:49.945Z] [info] Open repository: /home/denno/phase-1-array-find-method-lab
[2022-08-22T19:39:50.254Z] > git status -z -uall [248ms]
[2022-08-22T19:39:50.533Z] > git symbolic-ref --short HEAD [258ms]
[2022-08-22T19:39:50.769Z] > git show --textconv :index.js [58ms]
[2022-08-22T19:39:50.771Z] > git for-each-ref --format=%(refname)%00%(upstream:short)%00%(objectname)%00%(upstream:track)%00%(upstream:remotename)%00%(upstream:remoteref) refs/heads/master refs/remotes/master [180ms]
[2022-08-22T19:39:51.020Z] > git check-ignore -v -z --stdin [86ms]
[2022-08-22T19:39:51.036Z] > git remote --verbose [146ms]
[2022-08-22T19:39:51.038Z] > git for-each-ref --sort -committerdate --format %(refname) %(objectname) %(*objectname) [169ms]
[2022-08-22T19:39:51.064Z] > git ls-files --stage -- /home/denno/phase-1-array-find-method-lab/index.js [297ms]
[2022-08-22T19:39:51.120Z] > git config --get commit.template [13ms]
[2022-08-22T19:39:51.217Z] > git cat-file -s c44a932228083b0e4c5847073568688a420e9701 [138ms]
[2022-08-22T19:39:51.386Z] > git status -z -uall [169ms]
[2022-08-22T19:39:51.469Z] > git symbolic-ref --short HEAD [57ms]
[2022-08-22T19:39:51.535Z] > git for-each-ref --format=%(refname)%00%(upstream:short)%00%(objectname)%00%(upstream:track)%00%(upstream:remotename)%00%(upstream:remoteref) refs/heads/master refs/remotes/master [23ms]
[2022-08-22T19:39:51.642Z] > git remote --verbose [3ms]
[2022-08-22T19:39:51.643Z] > git for-each-ref --sort -committerdate --format %(refname) %(objectname) %(*objectname) [60ms]
[2022-08-22T19:39:51.692Z] > git config --get commit.template [6ms]
[2022-08-22T19:42:13.162Z] > git status -z -uall [3ms]
[2022-08-22T19:42:13.170Z] > git symbolic-ref --short HEAD [2ms]
[2022-08-22T19:42:13.180Z] > git for-each-ref --format=%(refname)%00%(upstream:short)%00%(objectname)%00%(upstream:track)%00%(upstream:remotename)%00%(upstream:remoteref) refs/heads/master refs/remotes/master [2ms]
[2022-08-22T19:42:13.199Z] > git remote --verbose [7ms]
[2022-08-22T19:42:13.199Z] > git for-each-ref --sort -committerdate --format %(refname) %(objectname) %(*objectname) [13ms]
[2022-08-22T19:42:13.212Z] > git config --get commit.template [2ms]
[2022-08-22T19:42:20.051Z] > git status -z -uall [7ms]
[2022-08-22T19:42:20.060Z] > git symbolic-ref --short HEAD [3ms]
[2022-08-22T19:42:20.067Z] > git for-each-ref --format=%(refname)%00%(upstream:short)%00%(objectname)%00%(upstream:track)%00%(upstream:remotename)%00%(upstream:remoteref) refs/heads/master refs/remotes/master [2ms]
[2022-08-22T19:42:20.078Z] > git for-each-ref --sort -committerdate --format %(refname) %(objectname) %(*objectname) [6ms]
[2022-08-22T19:42:20.079Z] > git remote --verbose [2ms]
[2022-08-22T19:42:20.090Z] > git config --get commit.template [3ms]
[2022-08-22T19:42:58.375Z] > git show --textconv :test/indexTest.js [15ms]
[2022-08-22T19:42:58.377Z] > git ls-files --stage -- /home/denno/phase-1-array-find-method-lab/test/indexTest.js [4ms]
[2022-08-22T19:42:58.402Z] > git cat-file -s 9a8b921334e7246420ace537194940a12e5c4769 [12ms]
[2022-08-22T19:42:58.799Z] > git check-ignore -v -z --stdin [2ms]
[2022-08-22T19:43:25.706Z] > git show --textconv :index.js [8ms]
[2022-08-22T19:43:25.708Z] > git ls-files --stage -- /home/denno/phase-1-array-find-method-lab/index.js [5ms]
[2022-08-22T19:43:25.718Z] > git cat-file -s c44a932228083b0e4c5847073568688a420e9701 [2ms]
[2022-08-22T19:43:53.531Z] > git status -z -uall [16ms]
[2022-08-22T19:43:53.587Z] > git symbolic-ref --short HEAD [21ms]
[2022-08-22T19:43:53.647Z] > git for-each-ref --format=%(refname)%00%(upstream:short)%00%(objectname)%00%(upstream:track)%00%(upstream:remotename)%00%(upstream:remoteref) refs/heads/master refs/remotes/master [16ms]
[2022-08-22T19:43:53.722Z] > git for-each-ref --sort -committerdate --format %(refname) %(objectname) %(*objectname) [55ms]
[2022-08-22T19:43:53.726Z] > git remote --verbose [23ms]
[2022-08-22T19:43:53.926Z] > git config --get commit.template [98ms]
[2022-08-22T19:43:59.865Z] > git status -z -uall [7ms]
[2022-08-22T19:43:59.877Z] > git symbolic-ref --short HEAD [2ms]
[2022-08-22T19:43:59.885Z] > git for-each-ref --format=%(refname)%00%(upstream:short)%00%(objectname)%00%(upstream:track)%00%(upstream:remotename)%00%(upstream:remoteref) refs/heads/master refs/remotes/master [2ms]
[2022-08-22T19:43:59.897Z] > git for-each-ref --sort -committerdate --format %(refname) %(objectname) %(*objectname) [7ms]
[2022-08-22T19:43:59.897Z] > git remote --verbose [2ms]
[2022-08-22T19:43:59.908Z] > git config --get commit.template [1ms]
[2022-08-22T19:44:20.688Z] > git status -z -uall [9ms]
[2022-08-22T19:44:20.718Z] > git symbolic-ref --short HEAD [13ms]
[2022-08-22T19:44:20.757Z] > git for-each-ref --format=%(refname)%00%(upstream:short)%00%(objectname)%00%(upstream:track)%00%(upstream:remotename)%00%(upstream:remoteref) refs/heads/master refs/remotes/master [9ms]
[2022-08-22T19:44:20.811Z] > git for-each-ref --sort -committerdate --format %(refname) %(objectname) %(*objectname) [27ms]
[2022-08-22T19:44:20.814Z] > git remote --verbose [6ms]
[2022-08-22T19:44:20.852Z] > git config --get commit.template [8ms]
[2022-08-22T19:44:26.890Z] > git status -z -uall [7ms]
[2022-08-22T19:44:26.907Z] > git symbolic-ref --short HEAD [1ms]
[2022-08-22T19:44:26.916Z] > git for-each-ref --format=%(refname)%00%(upstream:short)%00%(objectname)%00%(upstream:track)%00%(upstream:remotename)%00%(upstream:remoteref) refs/heads/master refs/remotes/master [2ms]
[2022-08-22T19:44:26.928Z] > git for-each-ref --sort -committerdate --format %(refname) %(objectname) %(*objectname) [6ms]
[2022-08-22T19:44:26.929Z] > git remote --verbose [2ms]
[2022-08-22T19:44:26.940Z] > git config --get commit.template [2ms]
[2022-08-22T19:59:17.833Z] > git show --textconv :test/indexTest.js [22ms]
[2022-08-22T19:59:17.834Z] > git ls-files --stage -- /home/denno/phase-1-array-find-method-lab/test/indexTest.js [6ms]
[2022-08-22T19:59:17.856Z] > git cat-file -s 9a8b921334e7246420ace537194940a12e5c4769 [3ms]
[2022-08-22T19:59:49.827Z] > git show --textconv :index.js [12ms]
[2022-08-22T19:59:49.830Z] > git ls-files --stage -- /home/denno/phase-1-array-find-method-lab/index.js [7ms]
[2022-08-22T19:59:49.848Z] > git cat-file -s c44a932228083b0e4c5847073568688a420e9701 [7ms]
[2022-08-22T20:04:53.357Z] > git show --textconv :test/indexTest.js [26ms]
[2022-08-22T20:04:53.358Z] > git ls-files --stage -- /home/denno/phase-1-array-find-method-lab/test/indexTest.js [3ms]
[2022-08-22T20:04:53.395Z] > git cat-file -s 9a8b921334e7246420ace537194940a12e5c4769 [9ms]
[2022-08-22T20:04:59.738Z] > git show --textconv :index.js [15ms]
[2022-08-22T20:04:59.741Z] > git ls-files --stage -- /home/denno/phase-1-array-find-method-lab/index.js [8ms]
[2022-08-22T20:04:59.760Z] > git cat-file -s c44a932228083b0e4c5847073568688a420e9701 [7ms]
[2022-08-22T20:05:50.494Z] > git show --textconv :test/indexTest.js [16ms]
[2022-08-22T20:05:50.496Z] > git ls-files --stage -- /home/denno/phase-1-array-find-method-lab/test/indexTest.js [3ms]
[2022-08-22T20:05:50.528Z] > git cat-file -s 9a8b921334e7246420ace537194940a12e5c4769 [3ms]
[2022-08-22T20:05:57.050Z] > git show --textconv :index.js [9ms]
[2022-08-22T20:05:57.052Z] > git ls-files --stage -- /home/denno/phase-1-array-find-method-lab/index.js [3ms]
[2022-08-22T20:05:57.071Z] > git cat-file -s c44a932228083b0e4c5847073568688a420e9701 [10ms]
[2022-08-22T20:06:18.886Z] > git show --textconv :test/indexTest.js [17ms]
[2022-08-22T20:06:18.890Z] > git ls-files --stage -- /home/denno/phase-1-array-find-method-lab/test/indexTest.js [8ms]
[2022-08-22T20:06:18.914Z] > git cat-file -s 9a8b921334e7246420ace537194940a12e5c4769 [12ms]
[2022-08-22T20:06:21.913Z] > git show --textconv :index.js [14ms]
[2022-08-22T20:06:21.915Z] > git ls-files --stage -- /home/denno/phase-1-array-find-method-lab/index.js [3ms]
[2022-08-22T20:06:21.930Z] > git cat-file -s c44a932228083b0e4c5847073568688a420e9701 [4ms]
[2022-08-22T20:07:21.826Z] > git status -z -uall [5ms]
[2022-08-22T20:07:21.864Z] > git symbolic-ref --short HEAD [14ms]
[2022-08-22T20:07:21.892Z] > git for-each-ref --format=%(refname)%00%(upstream:short)%00%(objectname)%00%(upstream:track)%00%(upstream:remotename)%00%(upstream:remoteref) refs/heads/master refs/remotes/master [5ms]
[2022-08-22T20:07:21.954Z] > git remote --verbose [11ms]
[2022-08-22T20:07:21.955Z] > git for-each-ref --sort -committerdate --format %(refname) %(objectname) %(*objectname) [30ms]
[2022-08-22T20:07:22.005Z] > git config --get commit.template [6ms]
[2022-08-22T20:07:28.239Z] > git status -z -uall [4ms]
[2022-08-22T20:07:28.255Z] > git symbolic-ref --short HEAD [6ms]
[2022-08-22T20:07:28.267Z] > git for-each-ref --format=%(refname)%00%(upstream:short)%00%(objectname)%00%(upstream:track)%00%(upstream:remotename)%00%(upstream:remoteref) refs/heads/master refs/remotes/master [3ms]
[2022-08-22T20:07:28.290Z] > git for-each-ref --sort -committerdate --format %(refname) %(objectname) %(*objectname) [13ms]
[2022-08-22T20:07:28.293Z] > git remote --verbose [5ms]
[2022-08-22T20:07:28.324Z] > git config --get commit.template [3ms]
[2022-08-22T20:07:46.612Z] > git show --textconv :test/indexTest.js [21ms]
[2022-08-22T20:07:46.619Z] > git ls-files --stage -- /home/denno/phase-1-array-find-method-lab/test/indexTest.js [9ms]
[2022-08-22T20:07:46.634Z] > git cat-file -s 9a8b921334e7246420ace537194940a12e5c4769 [3ms]
[2022-08-22T20:08:02.350Z] > git show --textconv :index.js [10ms]
[2022-08-22T20:08:02.353Z] > git ls-files --stage -- /home/denno/phase-1-array-find-method-lab/index.js [5ms]
[2022-08-22T20:08:02.363Z] > git cat-file -s c44a932228083b0e4c5847073568688a420e9701 [2ms]
[2022-08-22T20:10:08.886Z] > git status -z -uall [4ms]
[2022-08-22T20:10:08.900Z] > git symbolic-ref --short HEAD [7ms]
[2022-08-22T20:10:08.911Z] > git for-each-ref --format=%(refname)%00%(upstream:short)%00%(objectname)%00%(upstream:track)%00%(upstream:remotename)%00%(upstream:remoteref) refs/heads/master refs/remotes/master [3ms]
[2022-08-22T20:10:08.942Z] > git remote --verbose [4ms]
[2022-08-22T20:10:08.943Z] > git for-each-ref --sort -committerdate --format %(refname) %(objectname) %(*objectname) [21ms]
[2022-08-22T20:10:08.967Z] > git config --get commit.template [4ms]
[2022-08-22T20:10:52.183Z] > git status -z -uall [5ms]
[2022-08-22T20:10:52.214Z] > git symbolic-ref --short HEAD [5ms]
[2022-08-22T20:10:52.238Z] > git for-each-ref --format=%(refname)%00%(upstream:short)%00%(objectname)%00%(upstream:track)%00%(upstream:remotename)%00%(upstream:remoteref) refs/heads/master refs/remotes/master [4ms]
[2022-08-22T20:10:52.268Z] > git for-each-ref --sort -committerdate --format %(refname) %(objectname) %(*objectname) [16ms]
[2022-08-22T20:10:52.271Z] > git remote --verbose [7ms]
[2022-08-22T20:10:52.302Z] > git config --get commit.template [3ms]
[2022-08-22T20:16:40.639Z] > git show --textconv :test/indexTest.js [17ms]
[2022-08-22T20:16:40.641Z] > git ls-files --stage -- /home/denno/phase-1-array-find-method-lab/test/indexTest.js [3ms]
[2022-08-22T20:16:40.661Z] > git cat-file -s 9a8b921334e7246420ace537194940a12e5c4769 [6ms]
[2022-08-22T20:17:04.009Z] > git show --textconv :index.js [11ms]
[2022-08-22T20:17:04.012Z] > git ls-files --stage -- /home/denno/phase-1-array-find-method-lab/index.js [4ms]
[2022-08-22T20:17:04.030Z] > git cat-file -s c44a932228083b0e4c5847073568688a420e9701 [7ms]
[2022-08-22T20:27:09.265Z] > git show --textconv :test/indexTest.js [18ms]
[2022-08-22T20:27:09.265Z] > git ls-files --stage -- /home/denno/phase-1-array-find-method-lab/test/indexTest.js [7ms]
[2022-08-22T20:27:09.278Z] > git cat-file -s 9a8b921334e7246420ace537194940a12e5c4769 [2ms]
[2022-08-22T20:27:10.058Z] > git status -z -uall [2ms]
[2022-08-22T20:27:10.067Z] > git symbolic-ref --short HEAD [3ms]
[2022-08-22T20:27:10.075Z] > git for-each-ref --format=%(refname)%00%(upstream:short)%00%(objectname)%00%(upstream:track)%00%(upstream:remotename)%00%(upstream:remoteref) refs/heads/master refs/remotes/master [2ms]
[2022-08-22T20:27:10.089Z] > git remote --verbose [2ms]
[2022-08-22T20:27:10.089Z] > git for-each-ref --sort -committerdate --format %(refname) %(objectname) %(*objectname) [9ms]
[2022-08-22T20:27:10.107Z] > git config --get commit.template [1ms]
