[2022-08-22T20:42:44.131Z] Log level: Info
[2022-08-22T20:42:44.189Z] [info] Validating found git in: git
[2022-08-22T20:42:44.406Z] [info] Using git 2.37.1 from git
[2022-08-22T20:42:44.564Z] > git rev-parse --show-toplevel [78ms]
[2022-08-22T20:42:44.778Z] > git rev-parse --git-dir --git-common-dir [121ms]
[2022-08-22T20:42:44.856Z] [info] Open repository: /home/denno/phase-1-array-find-method-lab
[2022-08-22T20:42:45.030Z] > git status -z -uall [82ms]
[2022-08-22T20:42:46.578Z] > git symbolic-ref --short HEAD [1502ms]
[2022-08-22T20:42:46.844Z] > git check-ignore -v -z --stdin [218ms]
[2022-08-22T20:42:46.847Z] > git for-each-ref --format=%(refname)%00%(upstream:short)%00%(objectname)%00%(upstream:track)%00%(upstream:remotename)%00%(upstream:remoteref) refs/heads/master refs/remotes/master [249ms]
[2022-08-22T20:42:47.027Z] > git remote --verbose [48ms]
[2022-08-22T20:42:47.040Z] > git for-each-ref --sort -committerdate --format %(refname) %(objectname) %(*objectname) [133ms]
[2022-08-22T20:42:47.303Z] > git show --textconv :test/indexTest.js [40ms]
[2022-08-22T20:42:47.304Z] > git config --get commit.template [140ms]
[2022-08-22T20:42:47.514Z] > git status -z -uall [186ms]
[2022-08-22T20:42:47.546Z] > git check-ignore -v -z --stdin [190ms]
[2022-08-22T20:42:47.550Z] > git ls-files --stage -- /home/denno/phase-1-array-find-method-lab/test/indexTest.js [254ms]
[2022-08-22T20:42:47.669Z] > git symbolic-ref --short HEAD [123ms]
[2022-08-22T20:42:47.715Z] > git cat-file -s 9a8b921334e7246420ace537194940a12e5c4769 [126ms]
[2022-08-22T20:42:47.722Z] > git for-each-ref --format=%(refname)%00%(upstream:short)%00%(objectname)%00%(upstream:track)%00%(upstream:remotename)%00%(upstream:remoteref) refs/heads/master refs/remotes/master [26ms]
[2022-08-22T20:42:47.796Z] > git for-each-ref --sort -committerdate --format %(refname) %(objectname) %(*objectname) [44ms]
[2022-08-22T20:42:47.809Z] > git remote --verbose [20ms]
[2022-08-22T20:42:47.844Z] > git config --get commit.template [4ms]
[2022-08-22T20:42:49.774Z] > git show --textconv :index.js [53ms]
[2022-08-22T20:42:49.774Z] > git ls-files --stage -- /home/denno/phase-1-array-find-method-lab/index.js [15ms]
[2022-08-22T20:42:49.871Z] > git cat-file -s c44a932228083b0e4c5847073568688a420e9701 [39ms]
[2022-08-22T20:46:28.593Z] > git status -z -uall [4ms]
[2022-08-22T20:46:28.602Z] > git symbolic-ref --short HEAD [2ms]
[2022-08-22T20:46:28.611Z] > git for-each-ref --format=%(refname)%00%(upstream:short)%00%(objectname)%00%(upstream:track)%00%(upstream:remotename)%00%(upstream:remoteref) refs/heads/master refs/remotes/master [1ms]
[2022-08-22T20:46:28.627Z] > git remote --verbose [3ms]
[2022-08-22T20:46:28.627Z] > git for-each-ref --sort -committerdate --format %(refname) %(objectname) %(*objectname) [9ms]
[2022-08-22T20:46:28.643Z] > git config --get commit.template [2ms]
[2022-08-22T20:46:38.626Z] > git status -z -uall [3ms]
[2022-08-22T20:46:38.634Z] > git symbolic-ref --short HEAD [2ms]
[2022-08-22T20:46:38.644Z] > git for-each-ref --format=%(refname)%00%(upstream:short)%00%(objectname)%00%(upstream:track)%00%(upstream:remotename)%00%(upstream:remoteref) refs/heads/master refs/remotes/master [2ms]
[2022-08-22T20:46:38.657Z] > git for-each-ref --sort -committerdate --format %(refname) %(objectname) %(*objectname) [7ms]
[2022-08-22T20:46:38.658Z] > git remote --verbose [2ms]
[2022-08-22T20:46:38.671Z] > git config --get commit.template [2ms]
[2022-08-22T20:47:01.759Z] > git show --textconv :test/indexTest.js [22ms]
[2022-08-22T20:47:01.761Z] > git ls-files --stage -- /home/denno/phase-1-array-find-method-lab/test/indexTest.js [4ms]
[2022-08-22T20:47:01.782Z] > git cat-file -s 9a8b921334e7246420ace537194940a12e5c4769 [4ms]
[2022-08-22T20:47:28.381Z] > git show --textconv :index.js [14ms]
[2022-08-22T20:47:28.384Z] > git ls-files --stage -- /home/denno/phase-1-array-find-method-lab/index.js [8ms]
[2022-08-22T20:47:28.393Z] > git cat-file -s c44a932228083b0e4c5847073568688a420e9701 [2ms]
[2022-08-22T20:47:49.297Z] > git status -z -uall [22ms]
[2022-08-22T20:47:49.350Z] > git symbolic-ref --short HEAD [10ms]
[2022-08-22T20:47:49.413Z] > git for-each-ref --format=%(refname)%00%(upstream:short)%00%(objectname)%00%(upstream:track)%00%(upstream:remotename)%00%(upstream:remoteref) refs/heads/master refs/remotes/master [15ms]
[2022-08-22T20:47:49.528Z] > git for-each-ref --sort -committerdate --format %(refname) %(objectname) %(*objectname) [68ms]
[2022-08-22T20:47:49.533Z] > git remote --verbose [27ms]
[2022-08-22T20:47:49.609Z] > git config --get commit.template [13ms]
[2022-08-22T20:47:54.799Z] > git status -z -uall [2ms]
[2022-08-22T20:47:54.807Z] > git symbolic-ref --short HEAD [2ms]
[2022-08-22T20:47:54.815Z] > git for-each-ref --format=%(refname)%00%(upstream:short)%00%(objectname)%00%(upstream:track)%00%(upstream:remotename)%00%(upstream:remoteref) refs/heads/master refs/remotes/master [1ms]
[2022-08-22T20:47:54.828Z] > git for-each-ref --sort -committerdate --format %(refname) %(objectname) %(*objectname) [7ms]
[2022-08-22T20:47:54.829Z] > git remote --verbose [2ms]
[2022-08-22T20:47:54.840Z] > git config --get commit.template [1ms]
[2022-08-22T20:48:15.425Z] > git status -z -uall [3ms]
[2022-08-22T20:48:15.433Z] > git symbolic-ref --short HEAD [2ms]
[2022-08-22T20:48:15.444Z] > git for-each-ref --format=%(refname)%00%(upstream:short)%00%(objectname)%00%(upstream:track)%00%(upstream:remotename)%00%(upstream:remoteref) refs/heads/master refs/remotes/master [3ms]
[2022-08-22T20:48:15.458Z] > git remote --verbose [1ms]
[2022-08-22T20:48:15.459Z] > git for-each-ref --sort -committerdate --format %(refname) %(objectname) %(*objectname) [8ms]
[2022-08-22T20:48:15.472Z] > git config --get commit.template [1ms]
[2022-08-22T20:48:20.507Z] > git status -z -uall [8ms]
[2022-08-22T20:48:20.537Z] > git symbolic-ref --short HEAD [7ms]
[2022-08-22T20:48:20.558Z] > git for-each-ref --format=%(refname)%00%(upstream:short)%00%(objectname)%00%(upstream:track)%00%(upstream:remotename)%00%(upstream:remoteref) refs/heads/master refs/remotes/master [7ms]
[2022-08-22T20:48:20.612Z] > git for-each-ref --sort -committerdate --format %(refname) %(objectname) %(*objectname) [35ms]
[2022-08-22T20:48:20.624Z] > git remote --verbose [15ms]
[2022-08-22T20:48:20.680Z] > git config --get commit.template [15ms]
[2022-08-22T20:48:25.694Z] > git status -z -uall [3ms]
[2022-08-22T20:48:25.707Z] > git symbolic-ref --short HEAD [2ms]
[2022-08-22T20:48:25.719Z] > git for-each-ref --format=%(refname)%00%(upstream:short)%00%(objectname)%00%(upstream:track)%00%(upstream:remotename)%00%(upstream:remoteref) refs/heads/master refs/remotes/master [2ms]
[2022-08-22T20:48:25.740Z] > git remote --verbose [3ms]
[2022-08-22T20:48:25.740Z] > git for-each-ref --sort -committerdate --format %(refname) %(objectname) %(*objectname) [12ms]
[2022-08-22T20:48:25.756Z] > git config --get commit.template [1ms]
[2022-08-22T20:48:53.343Z] > git status -z -uall [8ms]
[2022-08-22T20:48:53.359Z] > git symbolic-ref --short HEAD [3ms]
[2022-08-22T20:48:53.378Z] > git for-each-ref --format=%(refname)%00%(upstream:short)%00%(objectname)%00%(upstream:track)%00%(upstream:remotename)%00%(upstream:remoteref) refs/heads/master refs/remotes/master [2ms]
[2022-08-22T20:48:53.405Z] > git for-each-ref --sort -committerdate --format %(refname) %(objectname) %(*objectname) [14ms]
[2022-08-22T20:48:53.406Z] > git remote --verbose [4ms]
[2022-08-22T20:48:53.432Z] > git config --get commit.template [4ms]
[2022-08-22T20:49:00.057Z] > git status -z -uall [3ms]
[2022-08-22T20:49:00.066Z] > git symbolic-ref --short HEAD [1ms]
[2022-08-22T20:49:00.074Z] > git for-each-ref --format=%(refname)%00%(upstream:short)%00%(objectname)%00%(upstream:track)%00%(upstream:remotename)%00%(upstream:remoteref) refs/heads/master refs/remotes/master [2ms]
[2022-08-22T20:49:00.088Z] > git for-each-ref --sort -committerdate --format %(refname) %(objectname) %(*objectname) [8ms]
[2022-08-22T20:49:00.089Z] > git remote --verbose [2ms]
[2022-08-22T20:49:00.103Z] > git config --get commit.template [3ms]
[2022-08-22T20:50:28.193Z] > git status -z -uall [4ms]
[2022-08-22T20:50:28.208Z] > git symbolic-ref --short HEAD [3ms]
[2022-08-22T20:50:28.221Z] > git for-each-ref --format=%(refname)%00%(upstream:short)%00%(objectname)%00%(upstream:track)%00%(upstream:remotename)%00%(upstream:remoteref) refs/heads/master refs/remotes/master [3ms]
[2022-08-22T20:50:28.247Z] > git for-each-ref --sort -committerdate --format %(refname) %(objectname) %(*objectname) [14ms]
[2022-08-22T20:50:28.248Z] > git remote --verbose [4ms]
[2022-08-22T20:50:28.273Z] > git config --get commit.template [9ms]
[2022-08-22T20:50:33.285Z] > git status -z -uall [2ms]
[2022-08-22T20:50:33.293Z] > git symbolic-ref --short HEAD [1ms]
[2022-08-22T20:50:33.301Z] > git for-each-ref --format=%(refname)%00%(upstream:short)%00%(objectname)%00%(upstream:track)%00%(upstream:remotename)%00%(upstream:remoteref) refs/heads/master refs/remotes/master [2ms]
[2022-08-22T20:50:33.315Z] > git for-each-ref --sort -committerdate --format %(refname) %(objectname) %(*objectname) [8ms]
[2022-08-22T20:50:33.315Z] > git remote --verbose [1ms]
[2022-08-22T20:50:33.328Z] > git config --get commit.template [1ms]
[2022-08-22T20:50:36.446Z] > git show --textconv :test/indexTest.js [23ms]
[2022-08-22T20:50:36.447Z] > git ls-files --stage -- /home/denno/phase-1-array-find-method-lab/test/indexTest.js [5ms]
[2022-08-22T20:50:36.467Z] > git cat-file -s 9a8b921334e7246420ace537194940a12e5c4769 [3ms]
[2022-08-22T20:51:34.895Z] > git show --textconv :index.js [14ms]
[2022-08-22T20:51:34.899Z] > git ls-files --stage -- /home/denno/phase-1-array-find-method-lab/index.js [7ms]
[2022-08-22T20:51:34.918Z] > git cat-file -s c44a932228083b0e4c5847073568688a420e9701 [4ms]
[2022-08-22T20:59:05.662Z] > git status -z -uall [4ms]
[2022-08-22T20:59:05.675Z] > git symbolic-ref --short HEAD [2ms]
[2022-08-22T20:59:05.683Z] > git for-each-ref --format=%(refname)%00%(upstream:short)%00%(objectname)%00%(upstream:track)%00%(upstream:remotename)%00%(upstream:remoteref) refs/heads/master refs/remotes/master [1ms]
[2022-08-22T20:59:05.702Z] > git for-each-ref --sort -committerdate --format %(refname) %(objectname) %(*objectname) [10ms]
[2022-08-22T20:59:05.704Z] > git remote --verbose [4ms]
[2022-08-22T20:59:05.723Z] > git config --get commit.template [4ms]
[2022-08-22T20:59:14.618Z] > git status -z -uall [2ms]
[2022-08-22T20:59:14.627Z] > git symbolic-ref --short HEAD [3ms]
[2022-08-22T20:59:14.634Z] > git for-each-ref --format=%(refname)%00%(upstream:short)%00%(objectname)%00%(upstream:track)%00%(upstream:remotename)%00%(upstream:remoteref) refs/heads/master refs/remotes/master [1ms]
[2022-08-22T20:59:14.647Z] > git remote --verbose [1ms]
[2022-08-22T20:59:14.648Z] > git for-each-ref --sort -committerdate --format %(refname) %(objectname) %(*objectname) [8ms]
[2022-08-22T20:59:14.664Z] > git config --get commit.template [3ms]
[2022-08-22T21:00:24.847Z] > git status -z -uall [14ms]
[2022-08-22T21:00:24.884Z] > git symbolic-ref --short HEAD [12ms]
[2022-08-22T21:00:24.912Z] > git for-each-ref --format=%(refname)%00%(upstream:short)%00%(objectname)%00%(upstream:track)%00%(upstream:remotename)%00%(upstream:remoteref) refs/heads/master refs/remotes/master [8ms]
[2022-08-22T21:00:24.959Z] > git for-each-ref --sort -committerdate --format %(refname) %(objectname) %(*objectname) [27ms]
[2022-08-22T21:00:24.961Z] > git remote --verbose [7ms]
[2022-08-22T21:00:24.998Z] > git config --get commit.template [4ms]
[2022-08-22T21:00:33.597Z] > git status -z -uall [4ms]
[2022-08-22T21:00:33.607Z] > git symbolic-ref --short HEAD [2ms]
[2022-08-22T21:00:33.615Z] > git for-each-ref --format=%(refname)%00%(upstream:short)%00%(objectname)%00%(upstream:track)%00%(upstream:remotename)%00%(upstream:remoteref) refs/heads/master refs/remotes/master [2ms]
[2022-08-22T21:00:33.630Z] > git for-each-ref --sort -committerdate --format %(refname) %(objectname) %(*objectname) [9ms]
[2022-08-22T21:00:33.630Z] > git remote --verbose [2ms]
[2022-08-22T21:00:33.640Z] > git config --get commit.template [1ms]
